<?xml version="1.0" encoding="UTF-8"?>
<testsuite name="UserServiceTest" tests="4" skipped="0" failures="1" errors="0" timestamp="2015-12-23T21:33:13" hostname="Artiom-home" time="2.396">
  <properties/>
  <testcase name="testCreate" classname="UserServiceTest" time="1.58"/>
  <testcase name="testDelete" classname="UserServiceTest" time="0.019"/>
  <testcase name="testGetAll" classname="UserServiceTest" time="0.754"/>
  <testcase name="testUpdate" classname="UserServiceTest" time="0.038">
    <failure message="java.lang.AssertionError" type="java.lang.AssertionError">java.lang.AssertionError
	at org.junit.Assert.fail(Assert.java:86)
	at org.junit.Assert.assertTrue(Assert.java:41)
	at org.junit.Assert.assertTrue(Assert.java:52)
	at UserServiceTest.testUpdate(UserServiceTest.java:47)
	at sun.reflect.NativeMethodAccessorImpl.invoke0(Native Method)
	at sun.reflect.NativeMethodAccessorImpl.invoke(NativeMethodAccessorImpl.java:57)
	at sun.reflect.DelegatingMethodAccessorImpl.invoke(DelegatingMethodAccessorImpl.java:43)
	at java.lang.reflect.Method.invoke(Method.java:606)
	at org.junit.runners.model.FrameworkMethod$1.runReflectiveCall(FrameworkMethod.java:47)
	at org.junit.internal.runners.model.ReflectiveCallable.run(ReflectiveCallable.java:12)
	at org.junit.runners.model.FrameworkMethod.invokeExplosively(FrameworkMethod.java:44)
	at org.junit.internal.runners.statements.InvokeMethod.evaluate(InvokeMethod.java:17)
	at org.springframework.test.context.junit4.statements.RunBeforeTestMethodCallbacks.evaluate(RunBeforeTestMethodCallbacks.java:75)
	at org.springframework.test.context.junit4.statements.RunAfterTestMethodCallbacks.evaluate(RunAfterTestMethodCallbacks.java:86)
	at org.springframework.test.context.junit4.statements.SpringRepeat.evaluate(SpringRepeat.java:84)
	at org.junit.runners.ParentRunner.runLeaf(ParentRunner.java:271)
	at org.springframework.test.context.junit4.SpringJUnit4ClassRunner.runChild(SpringJUnit4ClassRunner.java:254)
	at org.springframework.test.context.junit4.SpringJUnit4ClassRunner.runChild(SpringJUnit4ClassRunner.java:89)
	at org.junit.runners.ParentRunner$3.run(ParentRunner.java:238)
	at org.junit.runners.ParentRunner$1.schedule(ParentRunner.java:63)
	at org.junit.runners.ParentRunner.runChildren(ParentRunner.java:236)
	at org.junit.runners.ParentRunner.access$000(ParentRunner.java:53)
	at org.junit.runners.ParentRunner$2.evaluate(ParentRunner.java:229)
	at org.springframework.test.context.junit4.statements.RunBeforeTestClassCallbacks.evaluate(RunBeforeTestClassCallbacks.java:61)
	at org.springframework.test.context.junit4.statements.RunAfterTestClassCallbacks.evaluate(RunAfterTestClassCallbacks.java:70)
	at org.junit.runners.ParentRunner.run(ParentRunner.java:309)
	at org.springframework.test.context.junit4.SpringJUnit4ClassRunner.run(SpringJUnit4ClassRunner.java:193)
	at org.gradle.api.internal.tasks.testing.junit.JUnitTestClassExecuter.runTestClass(JUnitTestClassExecuter.java:105)
	at org.gradle.api.internal.tasks.testing.junit.JUnitTestClassExecuter.execute(JUnitTestClassExecuter.java:56)
	at org.gradle.api.internal.tasks.testing.junit.JUnitTestClassProcessor.processTestClass(JUnitTestClassProcessor.java:64)
	at org.gradle.api.internal.tasks.testing.SuiteTestClassProcessor.processTestClass(SuiteTestClassProcessor.java:50)
	at sun.reflect.NativeMethodAccessorImpl.invoke0(Native Method)
	at sun.reflect.NativeMethodAccessorImpl.invoke(NativeMethodAccessorImpl.java:57)
	at sun.reflect.DelegatingMethodAccessorImpl.invoke(DelegatingMethodAccessorImpl.java:43)
	at java.lang.reflect.Method.invoke(Method.java:606)
	at org.gradle.messaging.dispatch.ReflectionDispatch.dispatch(ReflectionDispatch.java:35)
	at org.gradle.messaging.dispatch.ReflectionDispatch.dispatch(ReflectionDispatch.java:24)
	at org.gradle.messaging.dispatch.ContextClassLoaderDispatch.dispatch(ContextClassLoaderDispatch.java:32)
	at org.gradle.messaging.dispatch.ProxyDispatchAdapter$DispatchingInvocationHandler.invoke(ProxyDispatchAdapter.java:93)
	at com.sun.proxy.$Proxy2.processTestClass(Unknown Source)
	at org.gradle.api.internal.tasks.testing.worker.TestWorker.processTestClass(TestWorker.java:106)
	at sun.reflect.NativeMethodAccessorImpl.invoke0(Native Method)
	at sun.reflect.NativeMethodAccessorImpl.invoke(NativeMethodAccessorImpl.java:57)
	at sun.reflect.DelegatingMethodAccessorImpl.invoke(DelegatingMethodAccessorImpl.java:43)
	at java.lang.reflect.Method.invoke(Method.java:606)
	at org.gradle.messaging.dispatch.ReflectionDispatch.dispatch(ReflectionDispatch.java:35)
	at org.gradle.messaging.dispatch.ReflectionDispatch.dispatch(ReflectionDispatch.java:24)
	at org.gradle.messaging.remote.internal.hub.MessageHub$Handler.run(MessageHub.java:360)
	at org.gradle.internal.concurrent.ExecutorPolicy$CatchAndRecordFailures.onExecute(ExecutorPolicy.java:54)
	at org.gradle.internal.concurrent.StoppableExecutorImpl$1.run(StoppableExecutorImpl.java:40)
	at java.util.concurrent.ThreadPoolExecutor.runWorker(ThreadPoolExecutor.java:1145)
	at java.util.concurrent.ThreadPoolExecutor$Worker.run(ThreadPoolExecutor.java:615)
	at java.lang.Thread.run(Thread.java:745)
</failure>
  </testcase>
  <system-out><![CDATA[01:32:54,748 |-INFO in ch.qos.logback.classic.LoggerContext[default] - Could NOT find resource [logback.groovy]
01:32:54,749 |-INFO in ch.qos.logback.classic.LoggerContext[default] - Could NOT find resource [logback-test.xml]
01:32:54,749 |-INFO in ch.qos.logback.classic.LoggerContext[default] - Found resource [logback.xml] at [file:/C:/Users/Artiom/Google%20Диск/project/baxter/build/resources/main/logback.xml]
01:32:54,945 |-INFO in ch.qos.logback.classic.joran.action.ConfigurationAction - debug attribute not set
01:32:54,967 |-INFO in ch.qos.logback.core.joran.action.AppenderAction - About to instantiate appender of type [ch.qos.logback.core.ConsoleAppender]
01:32:54,993 |-INFO in ch.qos.logback.core.joran.action.AppenderAction - Naming appender as [STDOUT]
01:32:55,255 |-WARN in ch.qos.logback.core.ConsoleAppender[STDOUT] - This appender no longer admits a layout as a sub-component, set an encoder instead.
01:32:55,255 |-WARN in ch.qos.logback.core.ConsoleAppender[STDOUT] - To ensure compatibility, wrapping your layout in LayoutWrappingEncoder.
01:32:55,255 |-WARN in ch.qos.logback.core.ConsoleAppender[STDOUT] - See also http://logback.qos.ch/codes.html#layoutInsteadOfEncoder for details
01:32:55,257 |-INFO in ch.qos.logback.classic.joran.action.LoggerAction - Setting level of logger [org.springframework] to DEBUG
01:32:55,257 |-INFO in ch.qos.logback.classic.joran.action.LoggerAction - Setting additivity of logger [org.springframework] to false
01:32:55,257 |-INFO in ch.qos.logback.core.joran.action.AppenderRefAction - Attaching appender named [STDOUT] to Logger[org.springframework]
01:32:55,259 |-INFO in ch.qos.logback.classic.joran.action.LoggerAction - Setting level of logger [by.psu.baxter] to DEBUG
01:32:55,259 |-INFO in ch.qos.logback.classic.joran.action.LoggerAction - Setting additivity of logger [by.psu.baxter] to false
01:32:55,259 |-INFO in ch.qos.logback.core.joran.action.AppenderRefAction - Attaching appender named [STDOUT] to Logger[by.psu.baxter]
01:32:55,259 |-INFO in ch.qos.logback.classic.joran.action.RootLoggerAction - Setting level of ROOT logger to DEBUG
01:32:55,259 |-INFO in ch.qos.logback.core.joran.action.AppenderRefAction - Attaching appender named [STDOUT] to Logger[ROOT]
01:32:55,259 |-INFO in ch.qos.logback.classic.joran.action.ConfigurationAction - End of configuration.
01:32:55,262 |-INFO in ch.qos.logback.classic.joran.JoranConfigurator@d59861 - Registering current configuration as safe fallback point

2015-12-24 01:32:55 [Test worker] DEBUG o.s.t.c.j.SpringJUnit4ClassRunner - SpringJUnit4ClassRunner constructor called with [class UserServiceTest]
2015-12-24 01:32:55 [Test worker] DEBUG o.s.test.context.BootstrapUtils - Instantiating CacheAwareContextLoaderDelegate from class [org.springframework.test.context.cache.DefaultCacheAwareContextLoaderDelegate]
2015-12-24 01:32:55 [Test worker] DEBUG o.s.test.context.BootstrapUtils - Instantiating BootstrapContext using constructor [public org.springframework.test.context.support.DefaultBootstrapContext(java.lang.Class,org.springframework.test.context.CacheAwareContextLoaderDelegate)]
2015-12-24 01:32:55 [Test worker] DEBUG o.s.test.context.BootstrapUtils - Instantiating TestContextBootstrapper for test class [UserServiceTest] from class [org.springframework.test.context.support.DefaultTestContextBootstrapper]
2015-12-24 01:32:56 [Test worker] DEBUG o.s.t.c.s.AbstractDelegatingSmartContextLoader - Delegating to GenericXmlContextLoader to process context configuration [ContextConfigurationAttributes@1f329a4 declaringClass = 'UserServiceTest', classes = '{}', locations = '{classpath:spring/spring-core-config.xml}', inheritLocations = true, initializers = '{}', inheritInitializers = true, name = [null], contextLoaderClass = 'org.springframework.test.context.ContextLoader'].
2015-12-24 01:32:56 [Test worker] DEBUG o.s.t.c.support.ActiveProfilesUtils - Could not find an 'annotation declaring class' for annotation type [org.springframework.test.context.ActiveProfiles] and class [UserServiceTest]
2015-12-24 01:32:56 [Test worker] DEBUG o.s.t.c.s.DefaultTestContextBootstrapper - @TestExecutionListeners is not present for class [UserServiceTest]: using defaults.
2015-12-24 01:32:56 [Test worker] INFO  o.s.t.c.s.DefaultTestContextBootstrapper - Loaded default TestExecutionListener class names from location [META-INF/spring.factories]: [org.springframework.test.context.web.ServletTestExecutionListener, org.springframework.test.context.support.DirtiesContextBeforeModesTestExecutionListener, org.springframework.test.context.support.DependencyInjectionTestExecutionListener, org.springframework.test.context.support.DirtiesContextTestExecutionListener, org.springframework.test.context.transaction.TransactionalTestExecutionListener, org.springframework.test.context.jdbc.SqlScriptsTestExecutionListener]
2015-12-24 01:32:56 [Test worker] INFO  o.s.t.c.s.DefaultTestContextBootstrapper - Using TestExecutionListeners: [org.springframework.test.context.web.ServletTestExecutionListener@728743, org.springframework.test.context.support.DirtiesContextBeforeModesTestExecutionListener@10e7233, org.springframework.test.context.support.DependencyInjectionTestExecutionListener@16b99ca, org.springframework.test.context.support.DirtiesContextTestExecutionListener@13dd5ec, org.springframework.test.context.transaction.TransactionalTestExecutionListener@a77997, org.springframework.test.context.jdbc.SqlScriptsTestExecutionListener@11fa9dd]
2015-12-24 01:32:56 [Test worker] DEBUG o.s.t.annotation.ProfileValueUtils - Retrieved @ProfileValueSourceConfiguration [null] for test class [UserServiceTest]
2015-12-24 01:32:56 [Test worker] DEBUG o.s.t.annotation.ProfileValueUtils - Retrieved ProfileValueSource type [class org.springframework.test.annotation.SystemProfileValueSource] for class [UserServiceTest]
2015-12-24 01:32:56 [Test worker] DEBUG o.s.t.annotation.ProfileValueUtils - Retrieved @ProfileValueSourceConfiguration [null] for test class [UserServiceTest]
2015-12-24 01:32:56 [Test worker] DEBUG o.s.t.annotation.ProfileValueUtils - Retrieved ProfileValueSource type [class org.springframework.test.annotation.SystemProfileValueSource] for class [UserServiceTest]
2015-12-24 01:32:56 [Test worker] DEBUG o.s.t.c.s.AbstractDirtiesContextTestExecutionListener - Before test class: context [DefaultTestContext@104ee8 testClass = UserServiceTest, testInstance = [null], testMethod = [null], testException = [null], mergedContextConfiguration = [MergedContextConfiguration@ac6995 testClass = UserServiceTest, locations = '{classpath:spring/spring-core-config.xml}', classes = '{}', contextInitializerClasses = '[]', activeProfiles = '{}', propertySourceLocations = '{}', propertySourceProperties = '{}', contextLoader = 'org.springframework.test.context.support.DelegatingSmartContextLoader', parent = [null]]], class annotated with @DirtiesContext [false] with mode [null].
2015-12-24 01:32:56 [Test worker] DEBUG o.s.t.annotation.ProfileValueUtils - Retrieved @ProfileValueSourceConfiguration [null] for test class [UserServiceTest]
2015-12-24 01:32:56 [Test worker] DEBUG o.s.t.annotation.ProfileValueUtils - Retrieved ProfileValueSource type [class org.springframework.test.annotation.SystemProfileValueSource] for class [UserServiceTest]
2015-12-24 01:32:56 [Test worker] DEBUG o.s.t.c.s.DependencyInjectionTestExecutionListener - Performing dependency injection for test context [[DefaultTestContext@104ee8 testClass = UserServiceTest, testInstance = UserServiceTest@e902fd, testMethod = [null], testException = [null], mergedContextConfiguration = [MergedContextConfiguration@ac6995 testClass = UserServiceTest, locations = '{classpath:spring/spring-core-config.xml}', classes = '{}', contextInitializerClasses = '[]', activeProfiles = '{}', propertySourceLocations = '{}', propertySourceProperties = '{}', contextLoader = 'org.springframework.test.context.support.DelegatingSmartContextLoader', parent = [null]]]].
2015-12-24 01:32:56 [Test worker] DEBUG o.s.t.c.s.AbstractDelegatingSmartContextLoader - Delegating to GenericXmlContextLoader to load context from [MergedContextConfiguration@ac6995 testClass = UserServiceTest, locations = '{classpath:spring/spring-core-config.xml}', classes = '{}', contextInitializerClasses = '[]', activeProfiles = '{}', propertySourceLocations = '{}', propertySourceProperties = '{}', contextLoader = 'org.springframework.test.context.support.DelegatingSmartContextLoader', parent = [null]].
2015-12-24 01:32:56 [Test worker] DEBUG o.s.t.c.s.AbstractGenericContextLoader - Loading ApplicationContext for merged context configuration [[MergedContextConfiguration@ac6995 testClass = UserServiceTest, locations = '{classpath:spring/spring-core-config.xml}', classes = '{}', contextInitializerClasses = '[]', activeProfiles = '{}', propertySourceLocations = '{}', propertySourceProperties = '{}', contextLoader = 'org.springframework.test.context.support.DelegatingSmartContextLoader', parent = [null]]].
2015-12-24 01:32:57 [Test worker] DEBUG o.s.core.env.StandardEnvironment - Adding [systemProperties] PropertySource with lowest search precedence
2015-12-24 01:32:57 [Test worker] DEBUG o.s.core.env.StandardEnvironment - Adding [systemEnvironment] PropertySource with lowest search precedence
2015-12-24 01:32:57 [Test worker] DEBUG o.s.core.env.StandardEnvironment - Initialized StandardEnvironment with PropertySources [systemProperties,systemEnvironment]
2015-12-24 01:32:57 [Test worker] INFO  o.s.b.f.xml.XmlBeanDefinitionReader - Loading XML bean definitions from class path resource [spring/spring-core-config.xml]
2015-12-24 01:32:57 [Test worker] DEBUG o.s.b.f.xml.DefaultDocumentLoader - Using JAXP provider [com.sun.org.apache.xerces.internal.jaxp.DocumentBuilderFactoryImpl]
2015-12-24 01:32:57 [Test worker] DEBUG o.s.b.f.xml.PluggableSchemaResolver - Loading schema mappings from [META-INF/spring.schemas]
2015-12-24 01:32:57 [Test worker] DEBUG o.s.b.f.xml.PluggableSchemaResolver - Loaded schema mappings: {http://www.springframework.org/schema/tx/spring-tx-2.5.xsd=org/springframework/transaction/config/spring-tx-2.5.xsd, http://www.springframework.org/schema/aop/spring-aop-4.1.xsd=org/springframework/aop/config/spring-aop-4.1.xsd, http://www.springframework.org/schema/context/spring-context-3.1.xsd=org/springframework/context/config/spring-context-3.1.xsd, http://www.springframework.org/schema/data/repository/spring-repository-1.4.xsd=org/springframework/data/repository/config/spring-repository-1.4.xsd, http://www.springframework.org/schema/util/spring-util-3.0.xsd=org/springframework/beans/factory/xml/spring-util-3.0.xsd, http://www.springframework.org/schema/mvc/spring-mvc-4.1.xsd=org/springframework/web/servlet/config/spring-mvc-4.1.xsd, http://www.springframework.org/schema/data/jpa/spring-jpa.xsd=org/springframework/data/jpa/repository/config/spring-jpa-1.3.xsd, http://www.springframework.org/schema/aop/spring-aop-3.2.xsd=org/springframework/aop/config/spring-aop-3.2.xsd, http://www.springframework.org/schema/tool/spring-tool.xsd=org/springframework/beans/factory/xml/spring-tool-4.1.xsd, http://www.springframework.org/schema/lang/spring-lang-4.1.xsd=org/springframework/scripting/config/spring-lang-4.1.xsd, http://www.springframework.org/schema/context/spring-context-4.0.xsd=org/springframework/context/config/spring-context-4.0.xsd, http://www.springframework.org/schema/mvc/spring-mvc-3.2.xsd=org/springframework/web/servlet/config/spring-mvc-3.2.xsd, http://www.springframework.org/schema/tool/spring-tool-4.1.xsd=org/springframework/beans/factory/xml/spring-tool-4.1.xsd, http://www.springframework.org/schema/lang/spring-lang-3.2.xsd=org/springframework/scripting/config/spring-lang-3.2.xsd, http://www.springframework.org/schema/cache/spring-cache-3.2.xsd=org/springframework/cache/config/spring-cache-3.2.xsd, http://www.springframework.org/schema/jee/spring-jee-4.1.xsd=org/springframework/ejb/config/spring-jee-4.1.xsd, http://www.springframework.org/schema/jdbc/spring-jdbc-3.1.xsd=org/springframework/jdbc/config/spring-jdbc-3.1.xsd, http://www.springframework.org/schema/util/spring-util-2.0.xsd=org/springframework/beans/factory/xml/spring-util-2.0.xsd, http://www.springframework.org/schema/tool/spring-tool-3.2.xsd=org/springframework/beans/factory/xml/spring-tool-3.2.xsd, http://www.springframework.org/schema/context/spring-context.xsd=org/springframework/context/config/spring-context-4.1.xsd, http://www.springframework.org/schema/cache/spring-cache-4.1.xsd=org/springframework/cache/config/spring-cache-4.1.xsd, http://www.springframework.org/schema/aop/spring-aop-4.0.xsd=org/springframework/aop/config/spring-aop-4.0.xsd, http://www.springframework.org/schema/jee/spring-jee-3.2.xsd=org/springframework/ejb/config/spring-jee-3.2.xsd, http://www.springframework.org/schema/context/spring-context-3.0.xsd=org/springframework/context/config/spring-context-3.0.xsd, http://www.springframework.org/schema/jdbc/spring-jdbc-4.0.xsd=org/springframework/jdbc/config/spring-jdbc-4.0.xsd, http://www.springframework.org/schema/util/spring-util-2.5.xsd=org/springframework/beans/factory/xml/spring-util-2.5.xsd, http://www.springframework.org/schema/mvc/spring-mvc-4.0.xsd=org/springframework/web/servlet/config/spring-mvc-4.0.xsd, http://www.springframework.org/schema/beans/spring-beans-3.2.xsd=org/springframework/beans/factory/xml/spring-beans-3.2.xsd, http://www.springframework.org/schema/aop/spring-aop-3.1.xsd=org/springframework/aop/config/spring-aop-3.1.xsd, http://www.springframework.org/schema/lang/spring-lang-4.0.xsd=org/springframework/scripting/config/spring-lang-4.0.xsd, http://www.springframework.org/schema/mvc/spring-mvc.xsd=org/springframework/web/servlet/config/spring-mvc-4.1.xsd, http://www.springframework.org/schema/mvc/spring-mvc-3.1.xsd=org/springframework/web/servlet/config/spring-mvc-3.1.xsd, http://www.springframework.org/schema/beans/spring-beans-4.1.xsd=org/springframework/beans/factory/xml/spring-beans-4.1.xsd, http://www.springframework.org/schema/tool/spring-tool-4.0.xsd=org/springframework/beans/factory/xml/spring-tool-4.0.xsd, http://www.springframework.org/schema/tx/spring-tx-3.2.xsd=org/springframework/transaction/config/spring-tx-3.2.xsd, http://www.springframework.org/schema/lang/spring-lang-3.1.xsd=org/springframework/scripting/config/spring-lang-3.1.xsd, http://www.springframework.org/schema/cache/spring-cache-3.1.xsd=org/springframework/cache/config/spring-cache-3.1.xsd, http://www.springframework.org/schema/jee/spring-jee-4.0.xsd=org/springframework/ejb/config/spring-jee-4.0.xsd, http://www.springframework.org/schema/jdbc/spring-jdbc-3.0.xsd=org/springframework/jdbc/config/spring-jdbc-3.0.xsd, http://www.springframework.org/schema/task/spring-task-4.1.xsd=org/springframework/scheduling/config/spring-task-4.1.xsd, http://www.springframework.org/schema/jdbc/spring-jdbc.xsd=org/springframework/jdbc/config/spring-jdbc-4.0.xsd, http://www.springframework.org/schema/tool/spring-tool-3.1.xsd=org/springframework/beans/factory/xml/spring-tool-3.1.xsd, http://www.springframework.org/schema/cache/spring-cache-4.0.xsd=org/springframework/cache/config/spring-cache-4.0.xsd, http://www.springframework.org/schema/jee/spring-jee-3.1.xsd=org/springframework/ejb/config/spring-jee-3.1.xsd, http://www.springframework.org/schema/task/spring-task-3.2.xsd=org/springframework/scheduling/config/spring-task-3.2.xsd, http://www.springframework.org/schema/beans/spring-beans-3.1.xsd=org/springframework/beans/factory/xml/spring-beans-3.1.xsd, http://www.springframework.org/schema/util/spring-util.xsd=org/springframework/beans/factory/xml/spring-util-4.1.xsd, http://www.springframework.org/schema/data/jpa/spring-jpa-1.3.xsd=org/springframework/data/jpa/repository/config/spring-jpa-1.3.xsd, http://www.springframework.org/schema/aop/spring-aop-3.0.xsd=org/springframework/aop/config/spring-aop-3.0.xsd, http://www.springframework.org/schema/data/repository/spring-repository.xsd=org/springframework/data/repository/config/spring-repository-1.7.xsd, http://www.springframework.org/schema/data/repository/spring-repository-1.7.xsd=org/springframework/data/repository/config/spring-repository-1.7.xsd, http://www.springframework.org/schema/mvc/spring-mvc-3.0.xsd=org/springframework/web/servlet/config/spring-mvc-3.0.xsd, http://www.springframework.org/schema/beans/spring-beans-4.0.xsd=org/springframework/beans/factory/xml/spring-beans-4.0.xsd, http://www.springframework.org/schema/beans/spring-beans.xsd=org/springframework/beans/factory/xml/spring-beans-4.1.xsd, http://www.springframework.org/schema/tx/spring-tx-3.1.xsd=org/springframework/transaction/config/spring-tx-3.1.xsd, http://www.springframework.org/schema/lang/spring-lang-3.0.xsd=org/springframework/scripting/config/spring-lang-3.0.xsd, http://www.springframework.org/schema/context/spring-context-2.5.xsd=org/springframework/context/config/spring-context-2.5.xsd, http://www.springframework.org/schema/task/spring-task-4.0.xsd=org/springframework/scheduling/config/spring-task-4.0.xsd, http://www.springframework.org/schema/tool/spring-tool-3.0.xsd=org/springframework/beans/factory/xml/spring-tool-3.0.xsd, http://www.springframework.org/schema/tx/spring-tx-4.0.xsd=org/springframework/transaction/config/spring-tx-4.0.xsd, http://www.springframework.org/schema/aop/spring-aop-2.0.xsd=org/springframework/aop/config/spring-aop-2.0.xsd, http://www.springframework.org/schema/jee/spring-jee-3.0.xsd=org/springframework/ejb/config/spring-jee-3.0.xsd, http://www.springframework.org/schema/util/spring-util-4.1.xsd=org/springframework/beans/factory/xml/spring-util-4.1.xsd, http://www.springframework.org/schema/task/spring-task-3.1.xsd=org/springframework/scheduling/config/spring-task-3.1.xsd, http://www.springframework.org/schema/beans/spring-beans-3.0.xsd=org/springframework/beans/factory/xml/spring-beans-3.0.xsd, http://www.springframework.org/schema/data/jpa/spring-jpa-1.2.xsd=org/springframework/data/jpa/repository/config/spring-jpa-1.2.xsd, http://www.springframework.org/schema/jee/spring-jee.xsd=org/springframework/ejb/config/spring-jee-4.1.xsd, http://www.springframework.org/schema/aop/spring-aop-2.5.xsd=org/springframework/aop/config/spring-aop-2.5.xsd, http://www.springframework.org/schema/lang/spring-lang-2.0.xsd=org/springframework/scripting/config/spring-lang-2.0.xsd, http://www.springframework.org/schema/data/repository/spring-repository-1.6.xsd=org/springframework/data/repository/config/spring-repository-1.6.xsd, http://www.springframework.org/schema/util/spring-util-3.2.xsd=org/springframework/beans/factory/xml/spring-util-3.2.xsd, http://www.springframework.org/schema/task/spring-task.xsd=org/springframework/scheduling/config/spring-task-4.1.xsd, http://www.springframework.org/schema/tool/spring-tool-2.0.xsd=org/springframework/beans/factory/xml/spring-tool-2.0.xsd, http://www.springframework.org/schema/tx/spring-tx-3.0.xsd=org/springframework/transaction/config/spring-tx-3.0.xsd, http://www.springframework.org/schema/lang/spring-lang-2.5.xsd=org/springframework/scripting/config/spring-lang-2.5.xsd, http://www.springframework.org/schema/jee/spring-jee-2.0.xsd=org/springframework/ejb/config/spring-jee-2.0.xsd, http://www.springframework.org/schema/tool/spring-tool-2.5.xsd=org/springframework/beans/factory/xml/spring-tool-2.5.xsd, http://www.springframework.org/schema/jee/spring-jee-2.5.xsd=org/springframework/ejb/config/spring-jee-2.5.xsd, http://www.springframework.org/schema/data/repository/spring-repository-1.0.xsd=org/springframework/data/repository/config/spring-repository-1.0.xsd, http://www.springframework.org/schema/util/spring-util-4.0.xsd=org/springframework/beans/factory/xml/spring-util-4.0.xsd, http://www.springframework.org/schema/task/spring-task-3.0.xsd=org/springframework/scheduling/config/spring-task-3.0.xsd, http://www.springframework.org/schema/data/jpa/spring-jpa-1.1.xsd=org/springframework/data/jpa/repository/config/spring-jpa-1.1.xsd, http://www.springframework.org/schema/lang/spring-lang.xsd=org/springframework/scripting/config/spring-lang-4.1.xsd, http://www.springframework.org/schema/context/spring-context-3.2.xsd=org/springframework/context/config/spring-context-3.2.xsd, http://www.springframework.org/schema/data/repository/spring-repository-1.5.xsd=org/springframework/data/repository/config/spring-repository-1.5.xsd, http://www.springframework.org/schema/util/spring-util-3.1.xsd=org/springframework/beans/factory/xml/spring-util-3.1.xsd, http://www.springframework.org/schema/beans/spring-beans-2.0.xsd=org/springframework/beans/factory/xml/spring-beans-2.0.xsd, http://www.springframework.org/schema/cache/spring-cache.xsd=org/springframework/cache/config/spring-cache-4.1.xsd, http://www.springframework.org/schema/tx/spring-tx.xsd=org/springframework/transaction/config/spring-tx-4.0.xsd, http://www.springframework.org/schema/context/spring-context-4.1.xsd=org/springframework/context/config/spring-context-4.1.xsd, http://www.springframework.org/schema/beans/spring-beans-2.5.xsd=org/springframework/beans/factory/xml/spring-beans-2.5.xsd, http://www.springframework.org/schema/tx/spring-tx-2.0.xsd=org/springframework/transaction/config/spring-tx-2.0.xsd, http://www.springframework.org/schema/jdbc/spring-jdbc-3.2.xsd=org/springframework/jdbc/config/spring-jdbc-3.2.xsd, http://www.springframework.org/schema/aop/spring-aop.xsd=org/springframework/aop/config/spring-aop-4.1.xsd, http://www.springframework.org/schema/data/jpa/spring-jpa-1.0.xsd=org/springframework/data/jpa/repository/config/spring-jpa-1.0.xsd}
2015-12-24 01:32:57 [Test worker] DEBUG o.s.b.f.xml.PluggableSchemaResolver - Found XML schema [http://www.springframework.org/schema/beans/spring-beans.xsd] in classpath: org/springframework/beans/factory/xml/spring-beans-4.1.xsd
2015-12-24 01:32:58 [Test worker] DEBUG o.s.b.f.xml.PluggableSchemaResolver - Found XML schema [http://www.springframework.org/schema/context/spring-context.xsd] in classpath: org/springframework/context/config/spring-context-4.1.xsd
2015-12-24 01:32:58 [Test worker] DEBUG o.s.b.f.xml.PluggableSchemaResolver - Found XML schema [http://www.springframework.org/schema/tool/spring-tool-4.1.xsd] in classpath: org/springframework/beans/factory/xml/spring-tool-4.1.xsd
2015-12-24 01:32:58 [Test worker] DEBUG o.s.b.f.xml.PluggableSchemaResolver - Found XML schema [http://www.springframework.org/schema/tx/spring-tx.xsd] in classpath: org/springframework/transaction/config/spring-tx-4.0.xsd
2015-12-24 01:32:58 [Test worker] DEBUG o.s.b.f.xml.PluggableSchemaResolver - Found XML schema [http://www.springframework.org/schema/aop/spring-aop.xsd] in classpath: org/springframework/aop/config/spring-aop-4.1.xsd
2015-12-24 01:32:58 [Test worker] DEBUG o.s.b.f.x.DefaultBeanDefinitionDocumentReader - Loading bean definitions
2015-12-24 01:32:58 [Test worker] DEBUG o.s.b.f.x.DefaultNamespaceHandlerResolver - Loaded NamespaceHandler mappings: {http://www.springframework.org/schema/p=org.springframework.beans.factory.xml.SimplePropertyNamespaceHandler, http://www.springframework.org/schema/mvc=org.springframework.web.servlet.config.MvcNamespaceHandler, http://www.springframework.org/schema/util=org.springframework.beans.factory.xml.UtilNamespaceHandler, http://www.springframework.org/schema/jee=org.springframework.ejb.config.JeeNamespaceHandler, http://www.springframework.org/schema/aop=org.springframework.aop.config.AopNamespaceHandler, http://www.springframework.org/schema/data/repository=org.springframework.data.repository.config.RepositoryNameSpaceHandler, http://www.springframework.org/schema/jdbc=org.springframework.jdbc.config.JdbcNamespaceHandler, http://www.springframework.org/schema/data/jpa=org.springframework.data.jpa.repository.config.JpaRepositoryNameSpaceHandler, http://www.springframework.org/schema/cache=org.springframework.cache.config.CacheNamespaceHandler, http://www.springframework.org/schema/c=org.springframework.beans.factory.xml.SimpleConstructorNamespaceHandler, http://www.springframework.org/schema/tx=org.springframework.transaction.config.TxNamespaceHandler, http://www.springframework.org/schema/task=org.springframework.scheduling.config.TaskNamespaceHandler, http://www.springframework.org/schema/lang=org.springframework.scripting.config.LangNamespaceHandler, http://www.springframework.org/schema/context=org.springframework.context.config.ContextNamespaceHandler}
2015-12-24 01:32:58 [Test worker] DEBUG o.s.c.i.s.PathMatchingResourcePatternResolver - Looking for matching resources in directory tree [C:\Users\Artiom\Google Диск\project\baxter\build\classes\main\by\psu\baxter\entity]
2015-12-24 01:32:58 [Test worker] DEBUG o.s.c.i.s.PathMatchingResourcePatternResolver - Searching directory [C:\Users\Artiom\Google Диск\project\baxter\build\classes\main\by\psu\baxter\entity] for files matching pattern [C:/Users/Artiom/Google Диск/project/baxter/build/classes/main/by/psu/baxter/entity/**/*.class]
2015-12-24 01:32:58 [Test worker] DEBUG o.s.c.i.s.PathMatchingResourcePatternResolver - Resolved location pattern [classpath*:by/psu/baxter/entity/**/*.class] to resources [file [C:\Users\Artiom\Google Диск\project\baxter\build\classes\main\by\psu\baxter\entity\Pagination.class], file [C:\Users\Artiom\Google Диск\project\baxter\build\classes\main\by\psu\baxter\entity\User.class], file [C:\Users\Artiom\Google Диск\project\baxter\build\classes\main\by\psu\baxter\entity\UserFilter.class]]
2015-12-24 01:32:58 [Test worker] DEBUG o.s.c.i.s.PathMatchingResourcePatternResolver - Looking for matching resources in directory tree [C:\Users\Artiom\Google Диск\project\baxter\build\classes\main\by\psu\baxter\dao]
2015-12-24 01:32:58 [Test worker] DEBUG o.s.c.i.s.PathMatchingResourcePatternResolver - Searching directory [C:\Users\Artiom\Google Диск\project\baxter\build\classes\main\by\psu\baxter\dao] for files matching pattern [C:/Users/Artiom/Google Диск/project/baxter/build/classes/main/by/psu/baxter/dao/**/*.class]
2015-12-24 01:32:58 [Test worker] DEBUG o.s.c.i.s.PathMatchingResourcePatternResolver - Searching directory [C:\Users\Artiom\Google Диск\project\baxter\build\classes\main\by\psu\baxter\dao\impl] for files matching pattern [C:/Users/Artiom/Google Диск/project/baxter/build/classes/main/by/psu/baxter/dao/**/*.class]
2015-12-24 01:32:58 [Test worker] DEBUG o.s.c.i.s.PathMatchingResourcePatternResolver - Resolved location pattern [classpath*:by/psu/baxter/dao/**/*.class] to resources [file [C:\Users\Artiom\Google Диск\project\baxter\build\classes\main\by\psu\baxter\dao\impl\UserDaoImpl.class], file [C:\Users\Artiom\Google Диск\project\baxter\build\classes\main\by\psu\baxter\dao\UserDao.class]]
2015-12-24 01:32:58 [Test worker] DEBUG o.s.c.a.ClassPathBeanDefinitionScanner - Identified candidate component class: file [C:\Users\Artiom\Google Диск\project\baxter\build\classes\main\by\psu\baxter\dao\impl\UserDaoImpl.class]
2015-12-24 01:32:58 [Test worker] DEBUG o.s.c.i.s.PathMatchingResourcePatternResolver - Looking for matching resources in directory tree [C:\Users\Artiom\Google Диск\project\baxter\build\classes\main\by\psu\baxter\service]
2015-12-24 01:32:58 [Test worker] DEBUG o.s.c.i.s.PathMatchingResourcePatternResolver - Searching directory [C:\Users\Artiom\Google Диск\project\baxter\build\classes\main\by\psu\baxter\service] for files matching pattern [C:/Users/Artiom/Google Диск/project/baxter/build/classes/main/by/psu/baxter/service/**/*.class]
2015-12-24 01:32:58 [Test worker] DEBUG o.s.c.i.s.PathMatchingResourcePatternResolver - Resolved location pattern [classpath*:by/psu/baxter/service/**/*.class] to resources [file [C:\Users\Artiom\Google Диск\project\baxter\build\classes\main\by\psu\baxter\service\UserService.class], file [C:\Users\Artiom\Google Диск\project\baxter\build\classes\main\by\psu\baxter\service\UserServiceImpl.class]]
2015-12-24 01:32:58 [Test worker] DEBUG o.s.c.a.ClassPathBeanDefinitionScanner - Identified candidate component class: file [C:\Users\Artiom\Google Диск\project\baxter\build\classes\main\by\psu\baxter\service\UserServiceImpl.class]
2015-12-24 01:32:58 [Test worker] DEBUG o.s.c.i.s.PathMatchingResourcePatternResolver - Looking for matching resources in directory tree [C:\Users\Artiom\Google Диск\project\baxter\build\classes\main\by\psu\baxter\web]
2015-12-24 01:32:58 [Test worker] DEBUG o.s.c.i.s.PathMatchingResourcePatternResolver - Searching directory [C:\Users\Artiom\Google Диск\project\baxter\build\classes\main\by\psu\baxter\web] for files matching pattern [C:/Users/Artiom/Google Диск/project/baxter/build/classes/main/by/psu/baxter/web/**/*.class]
2015-12-24 01:32:58 [Test worker] DEBUG o.s.c.i.s.PathMatchingResourcePatternResolver - Resolved location pattern [classpath*:by/psu/baxter/web/**/*.class] to resources [file [C:\Users\Artiom\Google Диск\project\baxter\build\classes\main\by\psu\baxter\web\IndexController.class], file [C:\Users\Artiom\Google Диск\project\baxter\build\classes\main\by\psu\baxter\web\UserController.class]]
2015-12-24 01:32:58 [Test worker] DEBUG o.s.c.a.ClassPathBeanDefinitionScanner - Identified candidate component class: file [C:\Users\Artiom\Google Диск\project\baxter\build\classes\main\by\psu\baxter\web\IndexController.class]
2015-12-24 01:32:58 [Test worker] DEBUG o.s.c.a.ClassPathBeanDefinitionScanner - Identified candidate component class: file [C:\Users\Artiom\Google Диск\project\baxter\build\classes\main\by\psu\baxter\web\UserController.class]
2015-12-24 01:32:59 [Test worker] DEBUG o.s.b.f.xml.XmlBeanDefinitionReader - Loaded 16 bean definitions from location pattern [classpath:spring/spring-core-config.xml]
2015-12-24 01:32:59 [Test worker] INFO  o.s.c.s.GenericApplicationContext - Refreshing org.springframework.context.support.GenericApplicationContext@8a5cf3: startup date [Thu Dec 24 01:32:59 MSK 2015]; root of context hierarchy
2015-12-24 01:32:59 [Test worker] DEBUG o.s.c.s.GenericApplicationContext - Bean factory for org.springframework.context.support.GenericApplicationContext@8a5cf3: org.springframework.beans.factory.support.DefaultListableBeanFactory@1892b4e: defining beans [userDaoImpl,userServiceImpl,indexController,userController,org.springframework.context.annotation.internalConfigurationAnnotationProcessor,org.springframework.context.annotation.internalAutowiredAnnotationProcessor,org.springframework.context.annotation.internalRequiredAnnotationProcessor,org.springframework.context.annotation.internalCommonAnnotationProcessor,org.springframework.context.annotation.internalPersistenceAnnotationProcessor,dataSource,sessionFactory,txAdvice,org.springframework.aop.config.internalAutoProxyCreator,service,org.springframework.aop.support.DefaultBeanFactoryPointcutAdvisor#0,transactionManager]; root of factory hierarchy
2015-12-24 01:32:59 [Test worker] DEBUG o.s.b.f.s.DefaultListableBeanFactory - Creating shared instance of singleton bean 'org.springframework.context.annotation.internalConfigurationAnnotationProcessor'
2015-12-24 01:32:59 [Test worker] DEBUG o.s.b.f.s.DefaultListableBeanFactory - Creating instance of bean 'org.springframework.context.annotation.internalConfigurationAnnotationProcessor'
2015-12-24 01:32:59 [Test worker] DEBUG o.s.b.f.s.DefaultListableBeanFactory - Eagerly caching bean 'org.springframework.context.annotation.internalConfigurationAnnotationProcessor' to allow for resolving potential circular references
2015-12-24 01:32:59 [Test worker] DEBUG o.s.b.f.s.DefaultListableBeanFactory - Finished creating instance of bean 'org.springframework.context.annotation.internalConfigurationAnnotationProcessor'
2015-12-24 01:32:59 [Test worker] DEBUG o.s.b.f.s.DefaultListableBeanFactory - Creating shared instance of singleton bean 'org.springframework.context.annotation.internalAutowiredAnnotationProcessor'
2015-12-24 01:32:59 [Test worker] DEBUG o.s.b.f.s.DefaultListableBeanFactory - Creating instance of bean 'org.springframework.context.annotation.internalAutowiredAnnotationProcessor'
2015-12-24 01:32:59 [Test worker] DEBUG o.s.b.f.s.DefaultListableBeanFactory - Eagerly caching bean 'org.springframework.context.annotation.internalAutowiredAnnotationProcessor' to allow for resolving potential circular references
2015-12-24 01:32:59 [Test worker] DEBUG o.s.b.f.s.DefaultListableBeanFactory - Finished creating instance of bean 'org.springframework.context.annotation.internalAutowiredAnnotationProcessor'
2015-12-24 01:32:59 [Test worker] DEBUG o.s.b.f.s.DefaultListableBeanFactory - Creating shared instance of singleton bean 'org.springframework.context.annotation.internalRequiredAnnotationProcessor'
2015-12-24 01:32:59 [Test worker] DEBUG o.s.b.f.s.DefaultListableBeanFactory - Creating instance of bean 'org.springframework.context.annotation.internalRequiredAnnotationProcessor'
2015-12-24 01:32:59 [Test worker] DEBUG o.s.b.f.s.DefaultListableBeanFactory - Eagerly caching bean 'org.springframework.context.annotation.internalRequiredAnnotationProcessor' to allow for resolving potential circular references
2015-12-24 01:32:59 [Test worker] DEBUG o.s.b.f.s.DefaultListableBeanFactory - Finished creating instance of bean 'org.springframework.context.annotation.internalRequiredAnnotationProcessor'
2015-12-24 01:32:59 [Test worker] DEBUG o.s.b.f.s.DefaultListableBeanFactory - Creating shared instance of singleton bean 'org.springframework.context.annotation.internalCommonAnnotationProcessor'
2015-12-24 01:32:59 [Test worker] DEBUG o.s.b.f.s.DefaultListableBeanFactory - Creating instance of bean 'org.springframework.context.annotation.internalCommonAnnotationProcessor'
2015-12-24 01:33:00 [Test worker] DEBUG o.s.b.f.s.DefaultListableBeanFactory - Eagerly caching bean 'org.springframework.context.annotation.internalCommonAnnotationProcessor' to allow for resolving potential circular references
2015-12-24 01:33:00 [Test worker] DEBUG o.s.b.f.s.DefaultListableBeanFactory - Finished creating instance of bean 'org.springframework.context.annotation.internalCommonAnnotationProcessor'
2015-12-24 01:33:00 [Test worker] DEBUG o.s.b.f.s.DefaultListableBeanFactory - Creating shared instance of singleton bean 'org.springframework.context.annotation.internalPersistenceAnnotationProcessor'
2015-12-24 01:33:00 [Test worker] DEBUG o.s.b.f.s.DefaultListableBeanFactory - Creating instance of bean 'org.springframework.context.annotation.internalPersistenceAnnotationProcessor'
2015-12-24 01:33:00 [Test worker] DEBUG o.s.b.f.s.DefaultListableBeanFactory - Eagerly caching bean 'org.springframework.context.annotation.internalPersistenceAnnotationProcessor' to allow for resolving potential circular references
2015-12-24 01:33:00 [Test worker] DEBUG o.s.b.f.s.DefaultListableBeanFactory - Finished creating instance of bean 'org.springframework.context.annotation.internalPersistenceAnnotationProcessor'
2015-12-24 01:33:00 [Test worker] DEBUG o.s.b.f.s.DefaultListableBeanFactory - Creating shared instance of singleton bean 'org.springframework.context.annotation.ConfigurationClassPostProcessor.importAwareProcessor'
2015-12-24 01:33:00 [Test worker] DEBUG o.s.b.f.s.DefaultListableBeanFactory - Creating instance of bean 'org.springframework.context.annotation.ConfigurationClassPostProcessor.importAwareProcessor'
2015-12-24 01:33:00 [Test worker] DEBUG o.s.b.f.s.DefaultListableBeanFactory - Eagerly caching bean 'org.springframework.context.annotation.ConfigurationClassPostProcessor.importAwareProcessor' to allow for resolving potential circular references
2015-12-24 01:33:00 [Test worker] DEBUG o.s.b.f.s.DefaultListableBeanFactory - Finished creating instance of bean 'org.springframework.context.annotation.ConfigurationClassPostProcessor.importAwareProcessor'
2015-12-24 01:33:00 [Test worker] DEBUG o.s.b.f.s.DefaultListableBeanFactory - Creating shared instance of singleton bean 'org.springframework.context.annotation.ConfigurationClassPostProcessor.enhancedConfigurationProcessor'
2015-12-24 01:33:00 [Test worker] DEBUG o.s.b.f.s.DefaultListableBeanFactory - Creating instance of bean 'org.springframework.context.annotation.ConfigurationClassPostProcessor.enhancedConfigurationProcessor'
2015-12-24 01:33:00 [Test worker] DEBUG o.s.b.f.s.DefaultListableBeanFactory - Eagerly caching bean 'org.springframework.context.annotation.ConfigurationClassPostProcessor.enhancedConfigurationProcessor' to allow for resolving potential circular references
2015-12-24 01:33:00 [Test worker] DEBUG o.s.b.f.s.DefaultListableBeanFactory - Finished creating instance of bean 'org.springframework.context.annotation.ConfigurationClassPostProcessor.enhancedConfigurationProcessor'
2015-12-24 01:33:00 [Test worker] DEBUG o.s.b.f.s.DefaultListableBeanFactory - Creating shared instance of singleton bean 'org.springframework.aop.config.internalAutoProxyCreator'
2015-12-24 01:33:00 [Test worker] DEBUG o.s.b.f.s.DefaultListableBeanFactory - Creating instance of bean 'org.springframework.aop.config.internalAutoProxyCreator'
2015-12-24 01:33:00 [Test worker] DEBUG o.s.b.f.s.DefaultListableBeanFactory - Eagerly caching bean 'org.springframework.aop.config.internalAutoProxyCreator' to allow for resolving potential circular references
2015-12-24 01:33:00 [Test worker] DEBUG o.s.b.f.s.DefaultListableBeanFactory - Finished creating instance of bean 'org.springframework.aop.config.internalAutoProxyCreator'
2015-12-24 01:33:00 [Test worker] DEBUG o.s.c.s.GenericApplicationContext - Unable to locate MessageSource with name 'messageSource': using default [org.springframework.context.support.DelegatingMessageSource@578bfa]
2015-12-24 01:33:00 [Test worker] DEBUG o.s.c.s.GenericApplicationContext - Unable to locate ApplicationEventMulticaster with name 'applicationEventMulticaster': using default [org.springframework.context.event.SimpleApplicationEventMulticaster@1c70c75]
2015-12-24 01:33:00 [Test worker] DEBUG o.s.b.f.s.DefaultListableBeanFactory - Pre-instantiating singletons in org.springframework.beans.factory.support.DefaultListableBeanFactory@1892b4e: defining beans [userDaoImpl,userServiceImpl,indexController,userController,org.springframework.context.annotation.internalConfigurationAnnotationProcessor,org.springframework.context.annotation.internalAutowiredAnnotationProcessor,org.springframework.context.annotation.internalRequiredAnnotationProcessor,org.springframework.context.annotation.internalCommonAnnotationProcessor,org.springframework.context.annotation.internalPersistenceAnnotationProcessor,dataSource,sessionFactory,txAdvice,org.springframework.aop.config.internalAutoProxyCreator,service,org.springframework.aop.support.DefaultBeanFactoryPointcutAdvisor#0,transactionManager,org.springframework.context.annotation.ConfigurationClassPostProcessor.importAwareProcessor,org.springframework.context.annotation.ConfigurationClassPostProcessor.enhancedConfigurationProcessor]; root of factory hierarchy
2015-12-24 01:33:00 [Test worker] DEBUG o.s.b.f.s.DefaultListableBeanFactory - Creating shared instance of singleton bean 'userDaoImpl'
2015-12-24 01:33:00 [Test worker] DEBUG o.s.b.f.s.DefaultListableBeanFactory - Creating instance of bean 'userDaoImpl'
2015-12-24 01:33:00 [Test worker] DEBUG o.s.b.f.s.DefaultListableBeanFactory - Creating shared instance of singleton bean 'org.springframework.aop.support.DefaultBeanFactoryPointcutAdvisor#0'
2015-12-24 01:33:00 [Test worker] DEBUG o.s.b.f.s.DefaultListableBeanFactory - Creating instance of bean 'org.springframework.aop.support.DefaultBeanFactoryPointcutAdvisor#0'
2015-12-24 01:33:00 [Test worker] DEBUG o.s.b.f.s.DefaultListableBeanFactory - Eagerly caching bean 'org.springframework.aop.support.DefaultBeanFactoryPointcutAdvisor#0' to allow for resolving potential circular references
2015-12-24 01:33:00 [Test worker] DEBUG o.s.b.f.s.DefaultListableBeanFactory - Creating instance of bean 'service'
2015-12-24 01:33:00 [Test worker] DEBUG o.s.b.f.s.DefaultListableBeanFactory - Finished creating instance of bean 'service'
2015-12-24 01:33:00 [Test worker] DEBUG o.s.b.f.s.DefaultListableBeanFactory - Finished creating instance of bean 'org.springframework.aop.support.DefaultBeanFactoryPointcutAdvisor#0'
2015-12-24 01:33:00 [Test worker] DEBUG o.s.b.f.annotation.InjectionMetadata - Registered injected element on class [by.psu.baxter.dao.impl.UserDaoImpl]: AutowiredFieldElement for private org.hibernate.SessionFactory by.psu.baxter.dao.impl.UserDaoImpl.sessionFactory
2015-12-24 01:33:00 [Test worker] DEBUG o.s.b.f.s.DefaultListableBeanFactory - Eagerly caching bean 'userDaoImpl' to allow for resolving potential circular references
2015-12-24 01:33:00 [Test worker] DEBUG o.s.b.f.annotation.InjectionMetadata - Processing injected element of bean 'userDaoImpl': AutowiredFieldElement for private org.hibernate.SessionFactory by.psu.baxter.dao.impl.UserDaoImpl.sessionFactory
2015-12-24 01:33:00 [Test worker] DEBUG o.s.b.f.s.DefaultListableBeanFactory - Returning cached instance of singleton bean 'org.springframework.aop.support.DefaultBeanFactoryPointcutAdvisor#0'
2015-12-24 01:33:01 [Test worker] DEBUG o.s.b.f.s.DefaultListableBeanFactory - Creating shared instance of singleton bean 'sessionFactory'
2015-12-24 01:33:01 [Test worker] DEBUG o.s.b.f.s.DefaultListableBeanFactory - Creating instance of bean 'sessionFactory'
2015-12-24 01:33:01 [Test worker] DEBUG o.s.b.f.s.DefaultListableBeanFactory - Eagerly caching bean 'sessionFactory' to allow for resolving potential circular references
2015-12-24 01:33:01 [Test worker] DEBUG o.s.b.f.s.DefaultListableBeanFactory - Creating shared instance of singleton bean 'dataSource'
2015-12-24 01:33:01 [Test worker] DEBUG o.s.b.f.s.DefaultListableBeanFactory - Creating instance of bean 'dataSource'
2015-12-24 01:33:01 [Test worker] DEBUG o.s.b.f.s.DefaultListableBeanFactory - Returning cached instance of singleton bean 'org.springframework.aop.support.DefaultBeanFactoryPointcutAdvisor#0'
2015-12-24 01:33:01 [Test worker] DEBUG o.s.b.f.s.DefaultListableBeanFactory - Eagerly caching bean 'dataSource' to allow for resolving potential circular references
2015-12-24 01:33:01 [Test worker] DEBUG o.s.b.f.s.DefaultListableBeanFactory - Returning cached instance of singleton bean 'org.springframework.aop.support.DefaultBeanFactoryPointcutAdvisor#0'
2015-12-24 01:33:01 [Test worker] DEBUG o.s.b.f.s.DefaultListableBeanFactory - Returning cached instance of singleton bean 'org.springframework.aop.support.DefaultBeanFactoryPointcutAdvisor#0'
2015-12-24 01:33:02 [Test worker] DEBUG o.s.b.f.s.DefaultListableBeanFactory - Finished creating instance of bean 'dataSource'
2015-12-24 01:33:02 [Test worker] DEBUG o.s.b.f.s.DefaultListableBeanFactory - Invoking afterPropertiesSet() on bean with name 'sessionFactory'
2015-12-24 01:33:02 [Test worker] DEBUG org.jboss.logging - Logging Provider: org.jboss.logging.Slf4jLoggerProvider
2015-12-24 01:33:03 [Test worker] DEBUG org.hibernate.type.BasicTypeRegistry - Adding type registration boolean -> org.hibernate.type.BooleanType@176eb40
2015-12-24 01:33:03 [Test worker] DEBUG org.hibernate.type.BasicTypeRegistry - Adding type registration boolean -> org.hibernate.type.BooleanType@176eb40
2015-12-24 01:33:03 [Test worker] DEBUG org.hibernate.type.BasicTypeRegistry - Adding type registration java.lang.Boolean -> org.hibernate.type.BooleanType@176eb40
2015-12-24 01:33:03 [Test worker] DEBUG org.hibernate.type.BasicTypeRegistry - Adding type registration numeric_boolean -> org.hibernate.type.NumericBooleanType@ace075
2015-12-24 01:33:03 [Test worker] DEBUG org.hibernate.type.BasicTypeRegistry - Adding type registration true_false -> org.hibernate.type.TrueFalseType@4b7c29
2015-12-24 01:33:03 [Test worker] DEBUG org.hibernate.type.BasicTypeRegistry - Adding type registration yes_no -> org.hibernate.type.YesNoType@62f23
2015-12-24 01:33:03 [Test worker] DEBUG org.hibernate.type.BasicTypeRegistry - Adding type registration byte -> org.hibernate.type.ByteType@136681
2015-12-24 01:33:03 [Test worker] DEBUG org.hibernate.type.BasicTypeRegistry - Adding type registration byte -> org.hibernate.type.ByteType@136681
2015-12-24 01:33:03 [Test worker] DEBUG org.hibernate.type.BasicTypeRegistry - Adding type registration java.lang.Byte -> org.hibernate.type.ByteType@136681
2015-12-24 01:33:03 [Test worker] DEBUG org.hibernate.type.BasicTypeRegistry - Adding type registration character -> org.hibernate.type.CharacterType@1cd6a2a
2015-12-24 01:33:03 [Test worker] DEBUG org.hibernate.type.BasicTypeRegistry - Adding type registration char -> org.hibernate.type.CharacterType@1cd6a2a
2015-12-24 01:33:03 [Test worker] DEBUG org.hibernate.type.BasicTypeRegistry - Adding type registration java.lang.Character -> org.hibernate.type.CharacterType@1cd6a2a
2015-12-24 01:33:03 [Test worker] DEBUG org.hibernate.type.BasicTypeRegistry - Adding type registration short -> org.hibernate.type.ShortType@498b0
2015-12-24 01:33:03 [Test worker] DEBUG org.hibernate.type.BasicTypeRegistry - Adding type registration short -> org.hibernate.type.ShortType@498b0
2015-12-24 01:33:03 [Test worker] DEBUG org.hibernate.type.BasicTypeRegistry - Adding type registration java.lang.Short -> org.hibernate.type.ShortType@498b0
2015-12-24 01:33:03 [Test worker] DEBUG org.hibernate.type.BasicTypeRegistry - Adding type registration integer -> org.hibernate.type.IntegerType@291890
2015-12-24 01:33:03 [Test worker] DEBUG org.hibernate.type.BasicTypeRegistry - Adding type registration int -> org.hibernate.type.IntegerType@291890
2015-12-24 01:33:03 [Test worker] DEBUG org.hibernate.type.BasicTypeRegistry - Adding type registration java.lang.Integer -> org.hibernate.type.IntegerType@291890
2015-12-24 01:33:03 [Test worker] DEBUG org.hibernate.type.BasicTypeRegistry - Adding type registration long -> org.hibernate.type.LongType@2fca87
2015-12-24 01:33:03 [Test worker] DEBUG org.hibernate.type.BasicTypeRegistry - Adding type registration long -> org.hibernate.type.LongType@2fca87
2015-12-24 01:33:03 [Test worker] DEBUG org.hibernate.type.BasicTypeRegistry - Adding type registration java.lang.Long -> org.hibernate.type.LongType@2fca87
2015-12-24 01:33:03 [Test worker] DEBUG org.hibernate.type.BasicTypeRegistry - Adding type registration float -> org.hibernate.type.FloatType@f1e2d9
2015-12-24 01:33:03 [Test worker] DEBUG org.hibernate.type.BasicTypeRegistry - Adding type registration float -> org.hibernate.type.FloatType@f1e2d9
2015-12-24 01:33:03 [Test worker] DEBUG org.hibernate.type.BasicTypeRegistry - Adding type registration java.lang.Float -> org.hibernate.type.FloatType@f1e2d9
2015-12-24 01:33:03 [Test worker] DEBUG org.hibernate.type.BasicTypeRegistry - Adding type registration double -> org.hibernate.type.DoubleType@1d4e30f
2015-12-24 01:33:03 [Test worker] DEBUG org.hibernate.type.BasicTypeRegistry - Adding type registration double -> org.hibernate.type.DoubleType@1d4e30f
2015-12-24 01:33:03 [Test worker] DEBUG org.hibernate.type.BasicTypeRegistry - Adding type registration java.lang.Double -> org.hibernate.type.DoubleType@1d4e30f
2015-12-24 01:33:03 [Test worker] DEBUG org.hibernate.type.BasicTypeRegistry - Adding type registration big_decimal -> org.hibernate.type.BigDecimalType@5cd46b
2015-12-24 01:33:03 [Test worker] DEBUG org.hibernate.type.BasicTypeRegistry - Adding type registration java.math.BigDecimal -> org.hibernate.type.BigDecimalType@5cd46b
2015-12-24 01:33:03 [Test worker] DEBUG org.hibernate.type.BasicTypeRegistry - Adding type registration big_integer -> org.hibernate.type.BigIntegerType@1e8435f
2015-12-24 01:33:03 [Test worker] DEBUG org.hibernate.type.BasicTypeRegistry - Adding type registration java.math.BigInteger -> org.hibernate.type.BigIntegerType@1e8435f
2015-12-24 01:33:03 [Test worker] DEBUG org.hibernate.type.BasicTypeRegistry - Adding type registration string -> org.hibernate.type.StringType@1150ee1
2015-12-24 01:33:03 [Test worker] DEBUG org.hibernate.type.BasicTypeRegistry - Adding type registration java.lang.String -> org.hibernate.type.StringType@1150ee1
2015-12-24 01:33:03 [Test worker] DEBUG org.hibernate.type.BasicTypeRegistry - Adding type registration nstring -> org.hibernate.type.StringNVarcharType@61b819
2015-12-24 01:33:03 [Test worker] DEBUG org.hibernate.type.BasicTypeRegistry - Adding type registration ncharacter -> org.hibernate.type.CharacterNCharType@1c36cea
2015-12-24 01:33:03 [Test worker] DEBUG org.hibernate.type.BasicTypeRegistry - Adding type registration url -> org.hibernate.type.UrlType@12c6b61
2015-12-24 01:33:03 [Test worker] DEBUG org.hibernate.type.BasicTypeRegistry - Adding type registration java.net.URL -> org.hibernate.type.UrlType@12c6b61
2015-12-24 01:33:03 [Test worker] DEBUG org.hibernate.type.BasicTypeRegistry - Adding type registration date -> org.hibernate.type.DateType@2a3d5c
2015-12-24 01:33:03 [Test worker] DEBUG org.hibernate.type.BasicTypeRegistry - Adding type registration java.sql.Date -> org.hibernate.type.DateType@2a3d5c
2015-12-24 01:33:03 [Test worker] DEBUG org.hibernate.type.BasicTypeRegistry - Adding type registration time -> org.hibernate.type.TimeType@89c34f
2015-12-24 01:33:03 [Test worker] DEBUG org.hibernate.type.BasicTypeRegistry - Adding type registration java.sql.Time -> org.hibernate.type.TimeType@89c34f
2015-12-24 01:33:03 [Test worker] DEBUG org.hibernate.type.BasicTypeRegistry - Adding type registration timestamp -> org.hibernate.type.TimestampType@4977b5
2015-12-24 01:33:03 [Test worker] DEBUG org.hibernate.type.BasicTypeRegistry - Adding type registration java.sql.Timestamp -> org.hibernate.type.TimestampType@4977b5
2015-12-24 01:33:03 [Test worker] DEBUG org.hibernate.type.BasicTypeRegistry - Adding type registration java.util.Date -> org.hibernate.type.TimestampType@4977b5
2015-12-24 01:33:03 [Test worker] DEBUG org.hibernate.type.BasicTypeRegistry - Adding type registration dbtimestamp -> org.hibernate.type.DbTimestampType@747b55
2015-12-24 01:33:03 [Test worker] DEBUG org.hibernate.type.BasicTypeRegistry - Adding type registration calendar -> org.hibernate.type.CalendarType@12161d4
2015-12-24 01:33:03 [Test worker] DEBUG org.hibernate.type.BasicTypeRegistry - Adding type registration java.util.Calendar -> org.hibernate.type.CalendarType@12161d4
2015-12-24 01:33:03 [Test worker] DEBUG org.hibernate.type.BasicTypeRegistry - Adding type registration java.util.GregorianCalendar -> org.hibernate.type.CalendarType@12161d4
2015-12-24 01:33:03 [Test worker] DEBUG org.hibernate.type.BasicTypeRegistry - Adding type registration calendar_date -> org.hibernate.type.CalendarDateType@13f09d5
2015-12-24 01:33:03 [Test worker] DEBUG org.hibernate.type.BasicTypeRegistry - Adding type registration locale -> org.hibernate.type.LocaleType@1f62925
2015-12-24 01:33:03 [Test worker] DEBUG org.hibernate.type.BasicTypeRegistry - Adding type registration java.util.Locale -> org.hibernate.type.LocaleType@1f62925
2015-12-24 01:33:03 [Test worker] DEBUG org.hibernate.type.BasicTypeRegistry - Adding type registration currency -> org.hibernate.type.CurrencyType@1932148
2015-12-24 01:33:03 [Test worker] DEBUG org.hibernate.type.BasicTypeRegistry - Adding type registration java.util.Currency -> org.hibernate.type.CurrencyType@1932148
2015-12-24 01:33:03 [Test worker] DEBUG org.hibernate.type.BasicTypeRegistry - Adding type registration timezone -> org.hibernate.type.TimeZoneType@169c3e2
2015-12-24 01:33:03 [Test worker] DEBUG org.hibernate.type.BasicTypeRegistry - Adding type registration java.util.TimeZone -> org.hibernate.type.TimeZoneType@169c3e2
2015-12-24 01:33:03 [Test worker] DEBUG org.hibernate.type.BasicTypeRegistry - Adding type registration class -> org.hibernate.type.ClassType@7fbf64
2015-12-24 01:33:03 [Test worker] DEBUG org.hibernate.type.BasicTypeRegistry - Adding type registration java.lang.Class -> org.hibernate.type.ClassType@7fbf64
2015-12-24 01:33:03 [Test worker] DEBUG org.hibernate.type.BasicTypeRegistry - Adding type registration uuid-binary -> org.hibernate.type.UUIDBinaryType@1801e2c
2015-12-24 01:33:03 [Test worker] DEBUG org.hibernate.type.BasicTypeRegistry - Adding type registration java.util.UUID -> org.hibernate.type.UUIDBinaryType@1801e2c
2015-12-24 01:33:03 [Test worker] DEBUG org.hibernate.type.BasicTypeRegistry - Adding type registration uuid-char -> org.hibernate.type.UUIDCharType@aea068
2015-12-24 01:33:03 [Test worker] DEBUG org.hibernate.type.BasicTypeRegistry - Adding type registration pg-uuid -> org.hibernate.type.PostgresUUIDType@14b0ad4
2015-12-24 01:33:03 [Test worker] DEBUG org.hibernate.type.BasicTypeRegistry - Adding type registration binary -> org.hibernate.type.BinaryType@1ab37bd
2015-12-24 01:33:03 [Test worker] DEBUG org.hibernate.type.BasicTypeRegistry - Adding type registration byte[] -> org.hibernate.type.BinaryType@1ab37bd
2015-12-24 01:33:03 [Test worker] DEBUG org.hibernate.type.BasicTypeRegistry - Adding type registration [B -> org.hibernate.type.BinaryType@1ab37bd
2015-12-24 01:33:03 [Test worker] DEBUG org.hibernate.type.BasicTypeRegistry - Adding type registration wrapper-binary -> org.hibernate.type.WrapperBinaryType@1e1356d
2015-12-24 01:33:03 [Test worker] DEBUG org.hibernate.type.BasicTypeRegistry - Adding type registration Byte[] -> org.hibernate.type.WrapperBinaryType@1e1356d
2015-12-24 01:33:03 [Test worker] DEBUG org.hibernate.type.BasicTypeRegistry - Adding type registration [Ljava.lang.Byte; -> org.hibernate.type.WrapperBinaryType@1e1356d
2015-12-24 01:33:03 [Test worker] DEBUG org.hibernate.type.BasicTypeRegistry - Adding type registration image -> org.hibernate.type.ImageType@da2ebd
2015-12-24 01:33:03 [Test worker] DEBUG org.hibernate.type.BasicTypeRegistry - Adding type registration characters -> org.hibernate.type.CharArrayType@f15ee1
2015-12-24 01:33:03 [Test worker] DEBUG org.hibernate.type.BasicTypeRegistry - Adding type registration char[] -> org.hibernate.type.CharArrayType@f15ee1
2015-12-24 01:33:03 [Test worker] DEBUG org.hibernate.type.BasicTypeRegistry - Adding type registration [C -> org.hibernate.type.CharArrayType@f15ee1
2015-12-24 01:33:03 [Test worker] DEBUG org.hibernate.type.BasicTypeRegistry - Adding type registration wrapper-characters -> org.hibernate.type.CharacterArrayType@af6da
2015-12-24 01:33:03 [Test worker] DEBUG org.hibernate.type.BasicTypeRegistry - Adding type registration [Ljava.lang.Character; -> org.hibernate.type.CharacterArrayType@af6da
2015-12-24 01:33:03 [Test worker] DEBUG org.hibernate.type.BasicTypeRegistry - Adding type registration Character[] -> org.hibernate.type.CharacterArrayType@af6da
2015-12-24 01:33:03 [Test worker] DEBUG org.hibernate.type.BasicTypeRegistry - Adding type registration text -> org.hibernate.type.TextType@131a8ff
2015-12-24 01:33:03 [Test worker] DEBUG org.hibernate.type.BasicTypeRegistry - Adding type registration ntext -> org.hibernate.type.NTextType@a8253a
2015-12-24 01:33:03 [Test worker] DEBUG org.hibernate.type.BasicTypeRegistry - Adding type registration blob -> org.hibernate.type.BlobType@ab552
2015-12-24 01:33:03 [Test worker] DEBUG org.hibernate.type.BasicTypeRegistry - Adding type registration java.sql.Blob -> org.hibernate.type.BlobType@ab552
2015-12-24 01:33:03 [Test worker] DEBUG org.hibernate.type.BasicTypeRegistry - Adding type registration materialized_blob -> org.hibernate.type.MaterializedBlobType@8a5f8b
2015-12-24 01:33:03 [Test worker] DEBUG org.hibernate.type.BasicTypeRegistry - Adding type registration clob -> org.hibernate.type.ClobType@127b1b3
2015-12-24 01:33:03 [Test worker] DEBUG org.hibernate.type.BasicTypeRegistry - Adding type registration java.sql.Clob -> org.hibernate.type.ClobType@127b1b3
2015-12-24 01:33:04 [Test worker] DEBUG org.hibernate.type.BasicTypeRegistry - Adding type registration nclob -> org.hibernate.type.NClobType@33f0d1
2015-12-24 01:33:04 [Test worker] DEBUG org.hibernate.type.BasicTypeRegistry - Adding type registration java.sql.NClob -> org.hibernate.type.NClobType@33f0d1
2015-12-24 01:33:04 [Test worker] DEBUG org.hibernate.type.BasicTypeRegistry - Adding type registration materialized_clob -> org.hibernate.type.MaterializedClobType@1e578b5
2015-12-24 01:33:04 [Test worker] DEBUG org.hibernate.type.BasicTypeRegistry - Adding type registration materialized_nclob -> org.hibernate.type.MaterializedNClobType@1f17f92
2015-12-24 01:33:04 [Test worker] DEBUG org.hibernate.type.BasicTypeRegistry - Adding type registration serializable -> org.hibernate.type.SerializableType@5f257a
2015-12-24 01:33:04 [Test worker] DEBUG org.hibernate.type.BasicTypeRegistry - Adding type registration object -> org.hibernate.type.ObjectType@971840
2015-12-24 01:33:04 [Test worker] DEBUG org.hibernate.type.BasicTypeRegistry - Adding type registration java.lang.Object -> org.hibernate.type.ObjectType@971840
2015-12-24 01:33:04 [Test worker] DEBUG org.hibernate.type.BasicTypeRegistry - Adding type registration imm_date -> org.hibernate.type.AdaptedImmutableType@1d9b738
2015-12-24 01:33:04 [Test worker] DEBUG org.hibernate.type.BasicTypeRegistry - Adding type registration imm_time -> org.hibernate.type.AdaptedImmutableType@8be055
2015-12-24 01:33:04 [Test worker] DEBUG org.hibernate.type.BasicTypeRegistry - Adding type registration imm_timestamp -> org.hibernate.type.AdaptedImmutableType@134f1db
2015-12-24 01:33:04 [Test worker] DEBUG org.hibernate.type.BasicTypeRegistry - Adding type registration imm_dbtimestamp -> org.hibernate.type.AdaptedImmutableType@f294c5
2015-12-24 01:33:04 [Test worker] DEBUG org.hibernate.type.BasicTypeRegistry - Adding type registration imm_calendar -> org.hibernate.type.AdaptedImmutableType@54e85
2015-12-24 01:33:04 [Test worker] DEBUG org.hibernate.type.BasicTypeRegistry - Adding type registration imm_calendar_date -> org.hibernate.type.AdaptedImmutableType@661664
2015-12-24 01:33:04 [Test worker] DEBUG org.hibernate.type.BasicTypeRegistry - Adding type registration imm_binary -> org.hibernate.type.AdaptedImmutableType@481601
2015-12-24 01:33:04 [Test worker] DEBUG org.hibernate.type.BasicTypeRegistry - Adding type registration imm_serializable -> org.hibernate.type.AdaptedImmutableType@9cce0f
2015-12-24 01:33:04 [Test worker] INFO  o.h.annotations.common.Version - HCANN000001: Hibernate Commons Annotations {4.0.4.Final}
2015-12-24 01:33:04 [Test worker] INFO  org.hibernate.Version - HHH000412: Hibernate Core {4.3.5.Final}
2015-12-24 01:33:04 [Test worker] INFO  org.hibernate.cfg.Environment - HHH000206: hibernate.properties not found
2015-12-24 01:33:04 [Test worker] INFO  org.hibernate.cfg.Environment - HHH000021: Bytecode provider name : javassist
2015-12-24 01:33:04 [Test worker] DEBUG o.h.i.f.i.DefaultIdentifierGeneratorFactory - Registering IdentifierGenerator strategy [uuid2] -> [org.hibernate.id.UUIDGenerator]
2015-12-24 01:33:04 [Test worker] DEBUG o.h.i.f.i.DefaultIdentifierGeneratorFactory - Registering IdentifierGenerator strategy [guid] -> [org.hibernate.id.GUIDGenerator]
2015-12-24 01:33:04 [Test worker] DEBUG o.h.i.f.i.DefaultIdentifierGeneratorFactory - Registering IdentifierGenerator strategy [uuid] -> [org.hibernate.id.UUIDHexGenerator]
2015-12-24 01:33:04 [Test worker] DEBUG o.h.i.f.i.DefaultIdentifierGeneratorFactory - Registering IdentifierGenerator strategy [uuid.hex] -> [org.hibernate.id.UUIDHexGenerator]
2015-12-24 01:33:04 [Test worker] DEBUG o.h.i.f.i.DefaultIdentifierGeneratorFactory - Registering IdentifierGenerator strategy [hilo] -> [org.hibernate.id.TableHiLoGenerator]
2015-12-24 01:33:04 [Test worker] DEBUG o.h.i.f.i.DefaultIdentifierGeneratorFactory - Registering IdentifierGenerator strategy [assigned] -> [org.hibernate.id.Assigned]
2015-12-24 01:33:04 [Test worker] DEBUG o.h.i.f.i.DefaultIdentifierGeneratorFactory - Registering IdentifierGenerator strategy [identity] -> [org.hibernate.id.IdentityGenerator]
2015-12-24 01:33:04 [Test worker] DEBUG o.h.i.f.i.DefaultIdentifierGeneratorFactory - Registering IdentifierGenerator strategy [select] -> [org.hibernate.id.SelectGenerator]
2015-12-24 01:33:04 [Test worker] DEBUG o.h.i.f.i.DefaultIdentifierGeneratorFactory - Registering IdentifierGenerator strategy [sequence] -> [org.hibernate.id.SequenceGenerator]
2015-12-24 01:33:04 [Test worker] DEBUG o.h.i.f.i.DefaultIdentifierGeneratorFactory - Registering IdentifierGenerator strategy [seqhilo] -> [org.hibernate.id.SequenceHiLoGenerator]
2015-12-24 01:33:04 [Test worker] DEBUG o.h.i.f.i.DefaultIdentifierGeneratorFactory - Registering IdentifierGenerator strategy [increment] -> [org.hibernate.id.IncrementGenerator]
2015-12-24 01:33:04 [Test worker] DEBUG o.h.i.f.i.DefaultIdentifierGeneratorFactory - Registering IdentifierGenerator strategy [foreign] -> [org.hibernate.id.ForeignGenerator]
2015-12-24 01:33:04 [Test worker] DEBUG o.h.i.f.i.DefaultIdentifierGeneratorFactory - Registering IdentifierGenerator strategy [sequence-identity] -> [org.hibernate.id.SequenceIdentityGenerator]
2015-12-24 01:33:04 [Test worker] DEBUG o.h.i.f.i.DefaultIdentifierGeneratorFactory - Registering IdentifierGenerator strategy [enhanced-sequence] -> [org.hibernate.id.enhanced.SequenceStyleGenerator]
2015-12-24 01:33:04 [Test worker] DEBUG o.h.i.f.i.DefaultIdentifierGeneratorFactory - Registering IdentifierGenerator strategy [enhanced-table] -> [org.hibernate.id.enhanced.TableGenerator]
2015-12-24 01:33:04 [Test worker] DEBUG o.s.c.i.s.PathMatchingResourcePatternResolver - Looking for matching resources in directory tree [C:\Users\Artiom\Google Диск\project\baxter\build\classes\main\by\psu\baxter\entity]
2015-12-24 01:33:04 [Test worker] DEBUG o.s.c.i.s.PathMatchingResourcePatternResolver - Searching directory [C:\Users\Artiom\Google Диск\project\baxter\build\classes\main\by\psu\baxter\entity] for files matching pattern [C:/Users/Artiom/Google Диск/project/baxter/build/classes/main/by/psu/baxter/entity/**/*.class]
2015-12-24 01:33:04 [Test worker] DEBUG o.s.c.i.s.PathMatchingResourcePatternResolver - Resolved location pattern [classpath*:by/psu/baxter/entity/**/*.class] to resources [file [C:\Users\Artiom\Google Диск\project\baxter\build\classes\main\by\psu\baxter\entity\Pagination.class], file [C:\Users\Artiom\Google Диск\project\baxter\build\classes\main\by\psu\baxter\entity\User.class], file [C:\Users\Artiom\Google Диск\project\baxter\build\classes\main\by\psu\baxter\entity\UserFilter.class]]
2015-12-24 01:33:05 [Test worker] DEBUG o.h.i.internal.IntegratorServiceImpl - Adding Integrator [org.hibernate.cfg.beanvalidation.BeanValidationIntegrator].
2015-12-24 01:33:05 [Test worker] DEBUG o.h.i.internal.IntegratorServiceImpl - Adding Integrator [org.hibernate.secure.spi.JaccIntegrator].
2015-12-24 01:33:05 [Test worker] DEBUG o.h.i.internal.IntegratorServiceImpl - Adding Integrator [org.hibernate.cache.internal.CollectionCacheInvalidator].
2015-12-24 01:33:05 [Test worker] DEBUG o.h.b.r.s.i.StrategySelectorImpl - Registering named strategy selector [org.hibernate.dialect.Dialect] : [MySQL5] -> [org.hibernate.dialect.MySQL5Dialect] (replacing [org.hibernate.dialect.MySQL5Dialect])
2015-12-24 01:33:05 [Test worker] DEBUG o.h.b.r.s.i.StrategySelectorImpl - Registering named strategy selector [org.hibernate.dialect.Dialect] : [MySQL5InnoDB] -> [org.hibernate.dialect.MySQL5InnoDBDialect] (replacing [org.hibernate.dialect.MySQL5InnoDBDialect])
2015-12-24 01:33:05 [Test worker] DEBUG o.h.service.spi.ServiceBinding - Overriding existing service binding [org.hibernate.secure.spi.JaccService]
2015-12-24 01:33:05 [Test worker] DEBUG org.hibernate.cfg.Configuration - Preparing to build session factory with filters : {}
2015-12-24 01:33:06 [Test worker] DEBUG o.h.e.jdbc.internal.JdbcServicesImpl - Database ->
       name : PostgreSQL
    version : 9.4.0
      major : 9
      minor : 4
2015-12-24 01:33:06 [Test worker] DEBUG o.h.e.jdbc.internal.JdbcServicesImpl - Driver ->
       name : PostgreSQL Native Driver
    version : PostgreSQL 9.2 JDBC4 (build 1003)
      major : 9
      minor : 2
2015-12-24 01:33:06 [Test worker] DEBUG o.h.e.jdbc.internal.JdbcServicesImpl - JDBC version : 4.0
2015-12-24 01:33:07 [Test worker] INFO  org.hibernate.dialect.Dialect - HHH000400: Using dialect: org.hibernate.dialect.PostgreSQL9Dialect
2015-12-24 01:33:07 [Test worker] INFO  o.h.e.j.internal.LobCreatorBuilder - HHH000424: Disabling contextual LOB creation as createClob() method threw error : java.lang.reflect.InvocationTargetException
2015-12-24 01:33:08 [Test worker] DEBUG org.hibernate.cfg.Configuration - Processing hbm.xml files
2015-12-24 01:33:08 [Test worker] DEBUG org.hibernate.cfg.Configuration - Process annotated classes
2015-12-24 01:33:08 [Test worker] DEBUG org.hibernate.cfg.AnnotationBinder - Binding entity from annotated class: by.psu.baxter.entity.User
2015-12-24 01:33:08 [Test worker] DEBUG org.hibernate.cfg.Ejb3Column - Binding column: Ejb3DiscriminatorColumn{logicalColumnName'DTYPE', discriminatorTypeName='string'}
2015-12-24 01:33:08 [Test worker] DEBUG org.hibernate.cfg.AnnotationBinder - No value specified for 'javax.persistence.sharedCache.mode'; using UNSPECIFIED
2015-12-24 01:33:08 [Test worker] DEBUG o.h.cfg.annotations.EntityBinder - Import with entity name User
2015-12-24 01:33:08 [Test worker] DEBUG o.h.cfg.annotations.EntityBinder - Bind entity by.psu.baxter.entity.User on table user
2015-12-24 01:33:08 [Test worker] DEBUG org.hibernate.cfg.Ejb3Column - Binding column: Ejb3Column{table=org.hibernate.mapping.Table(public.user), mappingColumn=id, insertable=true, updatable=true, unique=false}
2015-12-24 01:33:08 [Test worker] DEBUG o.h.cfg.annotations.PropertyBinder - MetadataSourceProcessor property id with lazy=false
2015-12-24 01:33:08 [Test worker] DEBUG o.h.cfg.AbstractPropertyHolder - Attempting to locate auto-apply AttributeConverter for property [by.psu.baxter.entity.User:id]
2015-12-24 01:33:08 [Test worker] DEBUG o.h.c.annotations.SimpleValueBinder - building SimpleValue for id
2015-12-24 01:33:08 [Test worker] DEBUG o.h.cfg.annotations.PropertyBinder - Building property id
2015-12-24 01:33:08 [Test worker] DEBUG org.hibernate.cfg.Ejb3Column - Binding column: Ejb3Column{table=org.hibernate.mapping.Table(public.user), mappingColumn=login, insertable=true, updatable=true, unique=false}
2015-12-24 01:33:08 [Test worker] DEBUG o.h.cfg.annotations.PropertyBinder - MetadataSourceProcessor property login with lazy=false
2015-12-24 01:33:08 [Test worker] DEBUG o.h.cfg.AbstractPropertyHolder - Attempting to locate auto-apply AttributeConverter for property [by.psu.baxter.entity.User:login]
2015-12-24 01:33:08 [Test worker] DEBUG o.h.c.annotations.SimpleValueBinder - building SimpleValue for login
2015-12-24 01:33:08 [Test worker] DEBUG o.h.cfg.annotations.PropertyBinder - Building property login
2015-12-24 01:33:08 [Test worker] DEBUG org.hibernate.cfg.Ejb3Column - Binding column: Ejb3Column{table=org.hibernate.mapping.Table(public.user), mappingColumn=password, insertable=true, updatable=true, unique=false}
2015-12-24 01:33:08 [Test worker] DEBUG o.h.cfg.annotations.PropertyBinder - MetadataSourceProcessor property password with lazy=false
2015-12-24 01:33:08 [Test worker] DEBUG o.h.cfg.AbstractPropertyHolder - Attempting to locate auto-apply AttributeConverter for property [by.psu.baxter.entity.User:password]
2015-12-24 01:33:08 [Test worker] DEBUG o.h.c.annotations.SimpleValueBinder - building SimpleValue for password
2015-12-24 01:33:08 [Test worker] DEBUG o.h.cfg.annotations.PropertyBinder - Building property password
2015-12-24 01:33:08 [Test worker] DEBUG o.h.c.annotations.SimpleValueBinder - Starting fillSimpleValue for id
2015-12-24 01:33:08 [Test worker] DEBUG o.h.c.annotations.SimpleValueBinder - Starting fillSimpleValue for login
2015-12-24 01:33:08 [Test worker] DEBUG o.h.c.annotations.SimpleValueBinder - Starting fillSimpleValue for password
2015-12-24 01:33:08 [Test worker] DEBUG org.hibernate.cfg.Configuration - Processing fk mappings (*ToOne and JoinedSubclass)
2015-12-24 01:33:08 [Test worker] DEBUG org.hibernate.cfg.Configuration - Processing extends queue
2015-12-24 01:33:08 [Test worker] DEBUG org.hibernate.cfg.Configuration - Processing extends queue
2015-12-24 01:33:08 [Test worker] DEBUG org.hibernate.cfg.Configuration - Processing collection mappings
2015-12-24 01:33:08 [Test worker] DEBUG org.hibernate.cfg.Configuration - Processing native query and ResultSetMapping mappings
2015-12-24 01:33:08 [Test worker] DEBUG org.hibernate.cfg.Configuration - Processing association property references
2015-12-24 01:33:08 [Test worker] DEBUG org.hibernate.cfg.Configuration - Creating tables' unique integer identifiers
2015-12-24 01:33:08 [Test worker] DEBUG org.hibernate.cfg.Configuration - Processing foreign key constraints
2015-12-24 01:33:08 [Test worker] DEBUG o.h.e.t.j.p.i.JtaPlatformInitiator - No JtaPlatform was specified, checking resolver
2015-12-24 01:33:08 [Test worker] DEBUG o.h.e.t.j.p.i.JtaPlatformResolverInitiator - No JtaPlatformResolver was specified, using default [org.hibernate.engine.transaction.jta.platform.internal.StandardJtaPlatformResolver]
2015-12-24 01:33:08 [Test worker] DEBUG o.h.e.t.j.p.i.StandardJtaPlatformResolver - Could not resolve JtaPlatform, using default [org.hibernate.engine.transaction.jta.platform.internal.NoJtaPlatform]
2015-12-24 01:33:08 [Test worker] DEBUG org.hibernate.cfg.SettingsFactory - Automatic flush during beforeCompletion(): disabled
2015-12-24 01:33:08 [Test worker] DEBUG org.hibernate.cfg.SettingsFactory - Automatic session close at end of transaction: disabled
2015-12-24 01:33:08 [Test worker] DEBUG org.hibernate.cfg.SettingsFactory - JDBC batch size: 15
2015-12-24 01:33:08 [Test worker] DEBUG org.hibernate.cfg.SettingsFactory - JDBC batch updates for versioned data: disabled
2015-12-24 01:33:08 [Test worker] DEBUG org.hibernate.cfg.SettingsFactory - Scrollable result sets: enabled
2015-12-24 01:33:08 [Test worker] DEBUG org.hibernate.cfg.SettingsFactory - Wrap result sets: disabled
2015-12-24 01:33:08 [Test worker] DEBUG org.hibernate.cfg.SettingsFactory - JDBC3 getGeneratedKeys(): enabled
2015-12-24 01:33:08 [Test worker] DEBUG org.hibernate.cfg.SettingsFactory - multi-tenancy strategy : NONE
2015-12-24 01:33:08 [Test worker] DEBUG org.hibernate.cfg.SettingsFactory - Connection release mode: auto
2015-12-24 01:33:08 [Test worker] INFO  o.h.e.t.i.TransactionFactoryInitiator - HHH000399: Using default transaction strategy (direct JDBC transactions)
2015-12-24 01:33:09 [Test worker] DEBUG org.hibernate.cfg.SettingsFactory - Using BatchFetchStyle : LEGACY
2015-12-24 01:33:09 [Test worker] DEBUG org.hibernate.cfg.SettingsFactory - Default batch fetch size: 1
2015-12-24 01:33:09 [Test worker] DEBUG org.hibernate.cfg.SettingsFactory - Generate SQL with comments: disabled
2015-12-24 01:33:09 [Test worker] DEBUG org.hibernate.cfg.SettingsFactory - Order SQL updates by primary key: disabled
2015-12-24 01:33:09 [Test worker] DEBUG org.hibernate.cfg.SettingsFactory - Order SQL inserts for batching: disabled
2015-12-24 01:33:09 [Test worker] DEBUG org.hibernate.cfg.SettingsFactory - Default null ordering: none
2015-12-24 01:33:09 [Test worker] DEBUG org.hibernate.cfg.SettingsFactory - Query translator: org.hibernate.hql.internal.ast.ASTQueryTranslatorFactory
2015-12-24 01:33:09 [Test worker] INFO  o.h.h.i.a.ASTQueryTranslatorFactory - HHH000397: Using ASTQueryTranslatorFactory
2015-12-24 01:33:09 [Test worker] DEBUG org.hibernate.cfg.SettingsFactory - Query language substitutions: {}
2015-12-24 01:33:09 [Test worker] DEBUG org.hibernate.cfg.SettingsFactory - JPA-QL strict compliance: disabled
2015-12-24 01:33:09 [Test worker] DEBUG org.hibernate.cfg.SettingsFactory - Second-level cache: enabled
2015-12-24 01:33:09 [Test worker] DEBUG org.hibernate.cfg.SettingsFactory - Query cache: disabled
2015-12-24 01:33:09 [Test worker] DEBUG o.h.c.i.RegionFactoryInitiator - Cache region factory : org.hibernate.cache.internal.NoCachingRegionFactory
2015-12-24 01:33:09 [Test worker] DEBUG org.hibernate.cfg.SettingsFactory - Optimize cache for minimal puts: disabled
2015-12-24 01:33:09 [Test worker] DEBUG org.hibernate.cfg.SettingsFactory - Structured second-level cache entries: disabled
2015-12-24 01:33:09 [Test worker] DEBUG org.hibernate.cfg.SettingsFactory - Second-level cache direct-reference entries: disabled
2015-12-24 01:33:09 [Test worker] DEBUG org.hibernate.cfg.SettingsFactory - Automatic eviction of collection cache: disabled
2015-12-24 01:33:09 [Test worker] DEBUG org.hibernate.cfg.SettingsFactory - Statistics: disabled
2015-12-24 01:33:09 [Test worker] DEBUG org.hibernate.cfg.SettingsFactory - Deleted entity synthetic identifier rollback: disabled
2015-12-24 01:33:09 [Test worker] DEBUG org.hibernate.cfg.SettingsFactory - Default entity-mode: pojo
2015-12-24 01:33:09 [Test worker] DEBUG org.hibernate.cfg.SettingsFactory - Named query checking : enabled
2015-12-24 01:33:09 [Test worker] DEBUG org.hibernate.cfg.SettingsFactory - Check Nullability in Core (should be disabled when Bean Validation is on): enabled
2015-12-24 01:33:09 [Test worker] DEBUG org.hibernate.cfg.SettingsFactory - Allow initialization of lazy state outside session : : disabled
2015-12-24 01:33:09 [Test worker] DEBUG org.hibernate.cfg.SettingsFactory - JTA Track by Thread: enabled
2015-12-24 01:33:09 [Test worker] DEBUG o.h.internal.SessionFactoryImpl - Building session factory
2015-12-24 01:33:09 [Test worker] DEBUG o.h.internal.SessionFactoryImpl - Session factory constructed with filter configurations : {}
2015-12-24 01:33:09 [Test worker] DEBUG o.h.internal.SessionFactoryImpl - Instantiating session factory with properties: {java.runtime.name=Java(TM) SE Runtime Environment, sun.boot.library.path=C:\Program Files\Java\jdk1.7.0_71\jre\bin, java.vm.version=24.71-b01, java.vm.vendor=Oracle Corporation, java.vendor.url=http://java.oracle.com/, path.separator=;, java.vm.name=Java HotSpot(TM) Client VM, file.encoding.pkg=sun.io, user.script=, user.country=RU, sun.java.launcher=SUN_STANDARD, sun.os.patch.level=Service Pack 1, java.vm.specification.name=Java Virtual Machine Specification, user.dir=C:\Users\Artiom\Google Диск\project\baxter, java.runtime.version=1.7.0_71-b14, java.awt.graphicsenv=sun.awt.Win32GraphicsEnvironment, hibernate.current_session_context_class=org.springframework.orm.hibernate4.SpringSessionContext, java.endorsed.dirs=C:\Program Files\Java\jdk1.7.0_71\jre\lib\endorsed, os.arch=x86, java.io.tmpdir=C:\Users\Artiom\AppData\Local\Temp\, line.separator=
[...]
2015-12-24 01:33:15 [Test worker] DEBUG o.s.o.h.HibernateTransactionManager - Closing Hibernate Session [SessionImpl(PersistenceContext[entityKeys=[EntityKey[by.psu.baxter.entity.User#118], EntityKey[by.psu.baxter.entity.User#117], EntityKey[by.psu.baxter.entity.User#116], EntityKey[by.psu.baxter.entity.User#115], EntityKey[by.psu.baxter.entity.User#122], EntityKey[by.psu.baxter.entity.User#121], EntityKey[by.psu.baxter.entity.User#120], EntityKey[by.psu.baxter.entity.User#119], EntityKey[by.psu.baxter.entity.User#131], EntityKey[by.psu.baxter.entity.User#132], EntityKey[by.psu.baxter.entity.User#125], EntityKey[by.psu.baxter.entity.User#123], EntityKey[by.psu.baxter.entity.User#124], EntityKey[by.psu.baxter.entity.User#129], EntityKey[by.psu.baxter.entity.User#149], EntityKey[by.psu.baxter.entity.User#130], EntityKey[by.psu.baxter.entity.User#148], EntityKey[by.psu.baxter.entity.User#128]],collectionKeys=[]];ActionQueue[insertions=org.hibernate.engine.spi.ExecutableList@f9c2dc updates=org.hibernate.engine.spi.ExecutableList@1681deb deletions=org.hibernate.engine.spi.ExecutableList@844bb8 orphanRemovals=org.hibernate.engine.spi.ExecutableList@187278d collectionCreations=org.hibernate.engine.spi.ExecutableList@35d850 collectionRemovals=org.hibernate.engine.spi.ExecutableList@10c789a collectionUpdates=org.hibernate.engine.spi.ExecutableList@1c20385 collectionQueuedOps=org.hibernate.engine.spi.ExecutableList@753bb8 unresolvedInsertDependencies=UnresolvedEntityInsertActions[]])] after transaction
2015-12-24 01:33:15 [Test worker] DEBUG o.h.e.j.i.LogicalConnectionImpl - Releasing JDBC connection
2015-12-24 01:33:15 [Test worker] DEBUG o.h.e.j.i.LogicalConnectionImpl - Released JDBC connection
2015-12-24 01:33:15 [Test worker] INFO  o.s.t.c.t.TransactionContext - Rolled back transaction for test context [DefaultTestContext@104ee8 testClass = UserServiceTest, testInstance = UserServiceTest@f1057, testMethod = testGetAll@UserServiceTest, testException = [null], mergedContextConfiguration = [MergedContextConfiguration@ac6995 testClass = UserServiceTest, locations = '{classpath:spring/spring-core-config.xml}', classes = '{}', contextInitializerClasses = '[]', activeProfiles = '{}', propertySourceLocations = '{}', propertySourceProperties = '{}', contextLoader = 'org.springframework.test.context.support.DelegatingSmartContextLoader', parent = [null]]].
2015-12-24 01:33:15 [Test worker] DEBUG o.s.t.c.s.AbstractDirtiesContextTestExecutionListener - After test method: context [DefaultTestContext@104ee8 testClass = UserServiceTest, testInstance = UserServiceTest@f1057, testMethod = testGetAll@UserServiceTest, testException = [null], mergedContextConfiguration = [MergedContextConfiguration@ac6995 testClass = UserServiceTest, locations = '{classpath:spring/spring-core-config.xml}', classes = '{}', contextInitializerClasses = '[]', activeProfiles = '{}', propertySourceLocations = '{}', propertySourceProperties = '{}', contextLoader = 'org.springframework.test.context.support.DelegatingSmartContextLoader', parent = [null]]], class annotated with @DirtiesContext [false] with mode [null], method annotated with @DirtiesContext [false] with mode [null].
2015-12-24 01:33:15 [Test worker] DEBUG o.s.t.annotation.ProfileValueUtils - Retrieved @ProfileValueSourceConfiguration [null] for test class [UserServiceTest]
2015-12-24 01:33:15 [Test worker] DEBUG o.s.t.annotation.ProfileValueUtils - Retrieved ProfileValueSource type [class org.springframework.test.annotation.SystemProfileValueSource] for class [UserServiceTest]
2015-12-24 01:33:15 [Test worker] DEBUG o.s.t.c.s.DependencyInjectionTestExecutionListener - Performing dependency injection for test context [[DefaultTestContext@104ee8 testClass = UserServiceTest, testInstance = UserServiceTest@c9a, testMethod = [null], testException = [null], mergedContextConfiguration = [MergedContextConfiguration@ac6995 testClass = UserServiceTest, locations = '{classpath:spring/spring-core-config.xml}', classes = '{}', contextInitializerClasses = '[]', activeProfiles = '{}', propertySourceLocations = '{}', propertySourceProperties = '{}', contextLoader = 'org.springframework.test.context.support.DelegatingSmartContextLoader', parent = [null]]]].
2015-12-24 01:33:15 [Test worker] DEBUG o.s.t.c.c.DefaultCacheAwareContextLoaderDelegate - Retrieved ApplicationContext from cache with key [[MergedContextConfiguration@ac6995 testClass = UserServiceTest, locations = '{classpath:spring/spring-core-config.xml}', classes = '{}', contextInitializerClasses = '[]', activeProfiles = '{}', propertySourceLocations = '{}', propertySourceProperties = '{}', contextLoader = 'org.springframework.test.context.support.DelegatingSmartContextLoader', parent = [null]]]
2015-12-24 01:33:15 [Test worker] DEBUG o.springframework.test.context.cache - Spring test ApplicationContext cache statistics: [DefaultContextCache@161a4cf size = 1, parentContextCount = 0, hitCount = 6, missCount = 1]
2015-12-24 01:33:15 [Test worker] DEBUG o.s.b.f.annotation.InjectionMetadata - Processing injected element of bean 'UserServiceTest': AutowiredFieldElement for private by.psu.baxter.service.UserService UserServiceTest.userService
2015-12-24 01:33:15 [Test worker] DEBUG o.s.b.f.s.DefaultListableBeanFactory - Returning cached instance of singleton bean 'userServiceImpl'
2015-12-24 01:33:15 [Test worker] DEBUG o.s.t.c.s.AbstractDirtiesContextTestExecutionListener - Before test method: context [DefaultTestContext@104ee8 testClass = UserServiceTest, testInstance = UserServiceTest@c9a, testMethod = testUpdate@UserServiceTest, testException = [null], mergedContextConfiguration = [MergedContextConfiguration@ac6995 testClass = UserServiceTest, locations = '{classpath:spring/spring-core-config.xml}', classes = '{}', contextInitializerClasses = '[]', activeProfiles = '{}', propertySourceLocations = '{}', propertySourceProperties = '{}', contextLoader = 'org.springframework.test.context.support.DelegatingSmartContextLoader', parent = [null]]], class annotated with @DirtiesContext [false] with mode [null], method annotated with @DirtiesContext [false] with mode [null].
2015-12-24 01:33:15 [Test worker] DEBUG o.s.t.a.AnnotationTransactionAttributeSource - Adding transactional method 'UserServiceTest.testUpdate' with attribute: PROPAGATION_REQUIRED,ISOLATION_DEFAULT
2015-12-24 01:33:15 [Test worker] DEBUG o.s.t.c.t.TransactionalTestExecutionListener - Explicit transaction definition [PROPAGATION_REQUIRED,ISOLATION_DEFAULT] found for test context [DefaultTestContext@104ee8 testClass = UserServiceTest, testInstance = UserServiceTest@c9a, testMethod = testUpdate@UserServiceTest, testException = [null], mergedContextConfiguration = [MergedContextConfiguration@ac6995 testClass = UserServiceTest, locations = '{classpath:spring/spring-core-config.xml}', classes = '{}', contextInitializerClasses = '[]', activeProfiles = '{}', propertySourceLocations = '{}', propertySourceProperties = '{}', contextLoader = 'org.springframework.test.context.support.DelegatingSmartContextLoader', parent = [null]]]
2015-12-24 01:33:15 [Test worker] DEBUG o.s.t.c.c.DefaultCacheAwareContextLoaderDelegate - Retrieved ApplicationContext from cache with key [[MergedContextConfiguration@ac6995 testClass = UserServiceTest, locations = '{classpath:spring/spring-core-config.xml}', classes = '{}', contextInitializerClasses = '[]', activeProfiles = '{}', propertySourceLocations = '{}', propertySourceProperties = '{}', contextLoader = 'org.springframework.test.context.support.DelegatingSmartContextLoader', parent = [null]]]
2015-12-24 01:33:15 [Test worker] DEBUG o.springframework.test.context.cache - Spring test ApplicationContext cache statistics: [DefaultContextCache@161a4cf size = 1, parentContextCount = 0, hitCount = 7, missCount = 1]
2015-12-24 01:33:15 [Test worker] DEBUG o.s.b.f.s.DefaultListableBeanFactory - Returning cached instance of singleton bean 'transactionManager'
2015-12-24 01:33:15 [Test worker] DEBUG o.s.t.c.t.TransactionalTestExecutionListener - No method-level @Rollback override: using default rollback [true] for test context [DefaultTestContext@104ee8 testClass = UserServiceTest, testInstance = UserServiceTest@c9a, testMethod = testUpdate@UserServiceTest, testException = [null], mergedContextConfiguration = [MergedContextConfiguration@ac6995 testClass = UserServiceTest, locations = '{classpath:spring/spring-core-config.xml}', classes = '{}', contextInitializerClasses = '[]', activeProfiles = '{}', propertySourceLocations = '{}', propertySourceProperties = '{}', contextLoader = 'org.springframework.test.context.support.DelegatingSmartContextLoader', parent = [null]]].
2015-12-24 01:33:15 [Test worker] DEBUG o.s.o.h.HibernateTransactionManager - Creating new transaction with name [UserServiceTest.testUpdate]: PROPAGATION_REQUIRED,ISOLATION_DEFAULT
2015-12-24 01:33:15 [Test worker] DEBUG o.s.o.h.HibernateTransactionManager - Opened new Session [SessionImpl(PersistenceContext[entityKeys=[],collectionKeys=[]];ActionQueue[insertions=org.hibernate.engine.spi.ExecutableList@13b63e6 updates=org.hibernate.engine.spi.ExecutableList@1baa4a deletions=org.hibernate.engine.spi.ExecutableList@48f9f9 orphanRemovals=org.hibernate.engine.spi.ExecutableList@1136646 collectionCreations=org.hibernate.engine.spi.ExecutableList@9fb7a9 collectionRemovals=org.hibernate.engine.spi.ExecutableList@1d2d12f collectionUpdates=org.hibernate.engine.spi.ExecutableList@1a38879 collectionQueuedOps=org.hibernate.engine.spi.ExecutableList@154ca01 unresolvedInsertDependencies=UnresolvedEntityInsertActions[]])] for Hibernate transaction
2015-12-24 01:33:15 [Test worker] DEBUG o.s.o.h.HibernateTransactionManager - Preparing JDBC Connection of Hibernate Session [SessionImpl(PersistenceContext[entityKeys=[],collectionKeys=[]];ActionQueue[insertions=org.hibernate.engine.spi.ExecutableList@13b63e6 updates=org.hibernate.engine.spi.ExecutableList@1baa4a deletions=org.hibernate.engine.spi.ExecutableList@48f9f9 orphanRemovals=org.hibernate.engine.spi.ExecutableList@1136646 collectionCreations=org.hibernate.engine.spi.ExecutableList@9fb7a9 collectionRemovals=org.hibernate.engine.spi.ExecutableList@1d2d12f collectionUpdates=org.hibernate.engine.spi.ExecutableList@1a38879 collectionQueuedOps=org.hibernate.engine.spi.ExecutableList@154ca01 unresolvedInsertDependencies=UnresolvedEntityInsertActions[]])]
2015-12-24 01:33:15 [Test worker] DEBUG o.h.e.j.i.LogicalConnectionImpl - Obtaining JDBC connection
2015-12-24 01:33:15 [Test worker] DEBUG o.h.e.j.i.LogicalConnectionImpl - Obtained JDBC connection
2015-12-24 01:33:15 [Test worker] DEBUG o.h.e.t.spi.AbstractTransactionImpl - begin
2015-12-24 01:33:15 [Test worker] DEBUG o.h.e.t.i.jdbc.JdbcTransaction - initial autocommit status: true
2015-12-24 01:33:15 [Test worker] DEBUG o.h.e.t.i.jdbc.JdbcTransaction - disabling autocommit
2015-12-24 01:33:15 [Test worker] DEBUG o.s.o.h.HibernateTransactionManager - Exposing Hibernate transaction as JDBC transaction [jdbc:postgresql://localhost:5432/baxter, UserName=postgres, PostgreSQL Native Driver]
2015-12-24 01:33:15 [Test worker] INFO  o.s.t.c.t.TransactionContext - Began transaction (1) for test context [DefaultTestContext@104ee8 testClass = UserServiceTest, testInstance = UserServiceTest@c9a, testMethod = testUpdate@UserServiceTest, testException = [null], mergedContextConfiguration = [MergedContextConfiguration@ac6995 testClass = UserServiceTest, locations = '{classpath:spring/spring-core-config.xml}', classes = '{}', contextInitializerClasses = '[]', activeProfiles = '{}', propertySourceLocations = '{}', propertySourceProperties = '{}', contextLoader = 'org.springframework.test.context.support.DelegatingSmartContextLoader', parent = [null]]]; transaction manager [org.springframework.orm.hibernate4.HibernateTransactionManager@fa7cd3]; rollback [true]
2015-12-24 01:33:15 [Test worker] DEBUG o.s.o.h.HibernateTransactionManager - Found thread-bound Session [SessionImpl(PersistenceContext[entityKeys=[],collectionKeys=[]];ActionQueue[insertions=org.hibernate.engine.spi.ExecutableList@13b63e6 updates=org.hibernate.engine.spi.ExecutableList@1baa4a deletions=org.hibernate.engine.spi.ExecutableList@48f9f9 orphanRemovals=org.hibernate.engine.spi.ExecutableList@1136646 collectionCreations=org.hibernate.engine.spi.ExecutableList@9fb7a9 collectionRemovals=org.hibernate.engine.spi.ExecutableList@1d2d12f collectionUpdates=org.hibernate.engine.spi.ExecutableList@1a38879 collectionQueuedOps=org.hibernate.engine.spi.ExecutableList@154ca01 unresolvedInsertDependencies=UnresolvedEntityInsertActions[]])] for Hibernate transaction
2015-12-24 01:33:15 [Test worker] DEBUG o.s.o.h.HibernateTransactionManager - Participating in existing transaction
2015-12-24 01:33:15 [Test worker] DEBUG org.hibernate.engine.spi.ActionQueue - Executing identity-insert immediately
2015-12-24 01:33:15 [Test worker] DEBUG org.hibernate.SQL - 
    insert 
    into
        public.user
        (login, password) 
    values
        (?, ?)
2015-12-24 01:33:15 [Test worker] DEBUG o.h.id.IdentifierGeneratorHelper - Natively generated identity: 150
2015-12-24 01:33:15 [Test worker] DEBUG o.s.o.h.HibernateTransactionManager - Found thread-bound Session [SessionImpl(PersistenceContext[entityKeys=[EntityKey[by.psu.baxter.entity.User#150]],collectionKeys=[]];ActionQueue[insertions=org.hibernate.engine.spi.ExecutableList@13b63e6 updates=org.hibernate.engine.spi.ExecutableList@1baa4a deletions=org.hibernate.engine.spi.ExecutableList@48f9f9 orphanRemovals=org.hibernate.engine.spi.ExecutableList@1136646 collectionCreations=org.hibernate.engine.spi.ExecutableList@9fb7a9 collectionRemovals=org.hibernate.engine.spi.ExecutableList@1d2d12f collectionUpdates=org.hibernate.engine.spi.ExecutableList@1a38879 collectionQueuedOps=org.hibernate.engine.spi.ExecutableList@154ca01 unresolvedInsertDependencies=UnresolvedEntityInsertActions[]])] for Hibernate transaction
2015-12-24 01:33:15 [Test worker] DEBUG o.s.o.h.HibernateTransactionManager - Participating in existing transaction
2015-12-24 01:33:15 [Test worker] DEBUG org.hibernate.engine.spi.ActionQueue - Executing identity-insert immediately
2015-12-24 01:33:15 [Test worker] DEBUG org.hibernate.SQL - 
    insert 
    into
        public.user
        (login, password) 
    values
        (?, ?)
2015-12-24 01:33:15 [Test worker] DEBUG o.h.id.IdentifierGeneratorHelper - Natively generated identity: 151
2015-12-24 01:33:15 [Test worker] DEBUG o.s.o.h.HibernateTransactionManager - Found thread-bound Session [SessionImpl(PersistenceContext[entityKeys=[EntityKey[by.psu.baxter.entity.User#151], EntityKey[by.psu.baxter.entity.User#150]],collectionKeys=[]];ActionQueue[insertions=org.hibernate.engine.spi.ExecutableList@13b63e6 updates=org.hibernate.engine.spi.ExecutableList@1baa4a deletions=org.hibernate.engine.spi.ExecutableList@48f9f9 orphanRemovals=org.hibernate.engine.spi.ExecutableList@1136646 collectionCreations=org.hibernate.engine.spi.ExecutableList@9fb7a9 collectionRemovals=org.hibernate.engine.spi.ExecutableList@1d2d12f collectionUpdates=org.hibernate.engine.spi.ExecutableList@1a38879 collectionQueuedOps=org.hibernate.engine.spi.ExecutableList@154ca01 unresolvedInsertDependencies=UnresolvedEntityInsertActions[]])] for Hibernate transaction
2015-12-24 01:33:15 [Test worker] DEBUG o.s.o.h.HibernateTransactionManager - Participating in existing transaction
2015-12-24 01:33:15 [Test worker] DEBUG o.s.o.h.HibernateTransactionManager - Initiating transaction rollback
2015-12-24 01:33:15 [Test worker] DEBUG o.s.o.h.HibernateTransactionManager - Rolling back Hibernate transaction on Session [SessionImpl(PersistenceContext[entityKeys=[EntityKey[by.psu.baxter.entity.User#151], EntityKey[by.psu.baxter.entity.User#150]],collectionKeys=[]];ActionQueue[insertions=org.hibernate.engine.spi.ExecutableList@13b63e6 updates=org.hibernate.engine.spi.ExecutableList@1baa4a deletions=org.hibernate.engine.spi.ExecutableList@48f9f9 orphanRemovals=org.hibernate.engine.spi.ExecutableList@1136646 collectionCreations=org.hibernate.engine.spi.ExecutableList@9fb7a9 collectionRemovals=org.hibernate.engine.spi.ExecutableList@1d2d12f collectionUpdates=org.hibernate.engine.spi.ExecutableList@1a38879 collectionQueuedOps=org.hibernate.engine.spi.ExecutableList@154ca01 unresolvedInsertDependencies=UnresolvedEntityInsertActions[]])]
2015-12-24 01:33:15 [Test worker] DEBUG o.h.e.t.spi.AbstractTransactionImpl - rolling back
2015-12-24 01:33:15 [Test worker] DEBUG o.h.e.t.i.jdbc.JdbcTransaction - rolled JDBC Connection
2015-12-24 01:33:15 [Test worker] DEBUG o.h.e.t.i.jdbc.JdbcTransaction - re-enabling autocommit
2015-12-24 01:33:15 [Test worker] DEBUG o.s.o.h.HibernateTransactionManager - Closing Hibernate Session [SessionImpl(PersistenceContext[entityKeys=[EntityKey[by.psu.baxter.entity.User#151], EntityKey[by.psu.baxter.entity.User#150]],collectionKeys=[]];ActionQueue[insertions=org.hibernate.engine.spi.ExecutableList@13b63e6 updates=org.hibernate.engine.spi.ExecutableList@1baa4a deletions=org.hibernate.engine.spi.ExecutableList@48f9f9 orphanRemovals=org.hibernate.engine.spi.ExecutableList@1136646 collectionCreations=org.hibernate.engine.spi.ExecutableList@9fb7a9 collectionRemovals=org.hibernate.engine.spi.ExecutableList@1d2d12f collectionUpdates=org.hibernate.engine.spi.ExecutableList@1a38879 collectionQueuedOps=org.hibernate.engine.spi.ExecutableList@154ca01 unresolvedInsertDependencies=UnresolvedEntityInsertActions[]])] after transaction
2015-12-24 01:33:15 [Test worker] DEBUG o.h.e.j.i.LogicalConnectionImpl - Releasing JDBC connection
2015-12-24 01:33:15 [Test worker] DEBUG o.h.e.j.i.LogicalConnectionImpl - Released JDBC connection
2015-12-24 01:33:15 [Test worker] INFO  o.s.t.c.t.TransactionContext - Rolled back transaction for test context [DefaultTestContext@104ee8 testClass = UserServiceTest, testInstance = UserServiceTest@c9a, testMethod = testUpdate@UserServiceTest, testException = java.lang.AssertionError, mergedContextConfiguration = [MergedContextConfiguration@ac6995 testClass = UserServiceTest, locations = '{classpath:spring/spring-core-config.xml}', classes = '{}', contextInitializerClasses = '[]', activeProfiles = '{}', propertySourceLocations = '{}', propertySourceProperties = '{}', contextLoader = 'org.springframework.test.context.support.DelegatingSmartContextLoader', parent = [null]]].
2015-12-24 01:33:15 [Test worker] DEBUG o.s.t.c.s.AbstractDirtiesContextTestExecutionListener - After test method: context [DefaultTestContext@104ee8 testClass = UserServiceTest, testInstance = UserServiceTest@c9a, testMethod = testUpdate@UserServiceTest, testException = java.lang.AssertionError, mergedContextConfiguration = [MergedContextConfiguration@ac6995 testClass = UserServiceTest, locations = '{classpath:spring/spring-core-config.xml}', classes = '{}', contextInitializerClasses = '[]', activeProfiles = '{}', propertySourceLocations = '{}', propertySourceProperties = '{}', contextLoader = 'org.springframework.test.context.support.DelegatingSmartContextLoader', parent = [null]]], class annotated with @DirtiesContext [false] with mode [null], method annotated with @DirtiesContext [false] with mode [null].
2015-12-24 01:33:15 [Test worker] DEBUG o.s.t.c.s.AbstractDirtiesContextTestExecutionListener - After test class: context [DefaultTestContext@104ee8 testClass = UserServiceTest, testInstance = [null], testMethod = [null], testException = [null], mergedContextConfiguration = [MergedContextConfiguration@ac6995 testClass = UserServiceTest, locations = '{classpath:spring/spring-core-config.xml}', classes = '{}', contextInitializerClasses = '[]', activeProfiles = '{}', propertySourceLocations = '{}', propertySourceProperties = '{}', contextLoader = 'org.springframework.test.context.support.DelegatingSmartContextLoader', parent = [null]]], class annotated with @DirtiesContext [false] with mode [null].
]]></system-out>
  <system-err><![CDATA[]]></system-err>
</testsuite>
